INFO:     Will watch for changes in these directories: ['/workspaces/aetheriusmc.github.io/Aetherius-Core/components/ComponentWeb/backend']
INFO:     Uvicorn running on http://0.0.0.0:8080 (Press CTRL+C to quit)
INFO:     Started reloader process [245361] using WatchFiles
INFO:     Started server process [245370]
INFO:     Waiting for application startup.
{"asctime": "2025-06-28 14:42:54,433", "name": "app.utils.logging", "levelname": "INFO", "message": "{\"level\": \"info\", \"file\": null, \"event\": \"Logging configured\", \"logger\": \"app.utils.logging\", \"timestamp\": \"2025-06-28T14:42:54.433214Z\"}", "taskName": "Task-2"}
{"asctime": "2025-06-28 14:42:54,433", "name": "app.core.client", "levelname": "INFO", "message": "{\"event\": \"Connected to real Aetherius Core via command queue\", \"logger\": \"app.core.client\", \"level\": \"info\", \"timestamp\": \"2025-06-28T14:42:54.433613Z\"}", "taskName": "Task-2"}
{"asctime": "2025-06-28 14:42:54,433", "name": "app.core.client", "levelname": "INFO", "message": "{\"event\": \"Core client initialized successfully\", \"logger\": \"app.core.client\", \"level\": \"info\", \"timestamp\": \"2025-06-28T14:42:54.433911Z\"}", "taskName": "Task-2"}
{"asctime": "2025-06-28 14:42:54,434", "name": "app.services.realtime_service", "levelname": "INFO", "message": "{\"event\": \"Starting RealtimeService\", \"logger\": \"app.services.realtime_service\", \"level\": \"info\", \"timestamp\": \"2025-06-28T14:42:54.434200Z\"}", "taskName": "Task-2"}
{"asctime": "2025-06-28 14:42:54,434", "name": "app.services.realtime_service", "levelname": "INFO", "message": "{\"event\": \"RealtimeService started successfully\", \"logger\": \"app.services.realtime_service\", \"level\": \"info\", \"timestamp\": \"2025-06-28T14:42:54.434518Z\"}", "taskName": "Task-2"}
{"asctime": "2025-06-28 14:42:54,434", "name": "app.services.realtime_service", "levelname": "INFO", "message": "{\"event\": \"Starting performance update loop\", \"logger\": \"app.services.realtime_service\", \"level\": \"info\", \"timestamp\": \"2025-06-28T14:42:54.434746Z\"}", "taskName": "Task-3"}
{"asctime": "2025-06-28 14:42:54,434", "name": "app.services.realtime_service", "levelname": "INFO", "message": "{\"event\": \"Starting status update loop\", \"logger\": \"app.services.realtime_service\", \"level\": \"info\", \"timestamp\": \"2025-06-28T14:42:54.434935Z\"}", "taskName": "Task-4"}
{"asctime": "2025-06-28 14:42:54,435", "name": "app.services.realtime_service", "levelname": "INFO", "message": "{\"event\": \"Starting summary update loop\", \"logger\": \"app.services.realtime_service\", \"level\": \"info\", \"timestamp\": \"2025-06-28T14:42:54.435091Z\"}", "taskName": "Task-5"}
INFO:     Application startup complete.
INFO:     ('5.34.218.160', 0) - "WebSocket /api/v1/ws-proxy/console/ws" [accepted]
{"asctime": "2025-06-28 14:43:04,399", "name": "app.api.proxy", "levelname": "INFO", "message": "{\"extra\": {\"connection_id\": \"proxy-135177020355648\"}, \"event\": \"WebSocket\\u4ee3\\u7406\\u8fde\\u63a5\\u5df2\\u5efa\\u7acb: console/ws\", \"logger\": \"app.api.proxy\", \"level\": \"info\", \"timestamp\": \"2025-06-28T14:43:04.399812Z\"}", "taskName": "Task-10"}
INFO:     connection open
{"asctime": "2025-06-28 14:43:04,404", "name": "app.core.client", "levelname": "INFO", "message": "{\"event\": \"WebSocket manager registered for real-time logs\", \"logger\": \"app.core.client\", \"level\": \"info\", \"timestamp\": \"2025-06-28T14:43:04.404686Z\"}", "taskName": "Task-10"}
{"asctime": "2025-06-28 14:43:04,405", "name": "app.api.proxy", "levelname": "INFO", "message": "{\"event\": \"Registered WebSocket manager for real-time server logs\", \"logger\": \"app.api.proxy\", \"level\": \"info\", \"timestamp\": \"2025-06-28T14:43:04.405816Z\"}", "taskName": "Task-10"}
{"asctime": "2025-06-28 14:43:04,406", "name": "app.core.client", "levelname": "INFO", "message": "{\"event\": \"Starting real-time log monitoring\", \"logger\": \"app.core.client\", \"level\": \"info\", \"timestamp\": \"2025-06-28T14:43:04.406760Z\"}", "taskName": "Task-15"}
INFO:     ('5.34.218.160', 0) - "WebSocket /api/v1/ws-proxy/dashboard/ws" [accepted]
{"asctime": "2025-06-28 14:43:04,796", "name": "app.api.proxy", "levelname": "INFO", "message": "{\"extra\": {\"connection_id\": \"proxy-135177020412832\"}, \"event\": \"WebSocket\\u4ee3\\u7406\\u8fde\\u63a5\\u5df2\\u5efa\\u7acb: dashboard/ws\", \"logger\": \"app.api.proxy\", \"level\": \"info\", \"timestamp\": \"2025-06-28T14:43:04.796125Z\"}", "taskName": "Task-17"}
INFO:     connection open
{"asctime": "2025-06-28 14:43:05,055", "name": "app.api.proxy", "levelname": "INFO", "message": "{\"extra\": {\"connection_id\": \"proxy-135177020412832\"}, \"event\": \"WebSocket\\u4ee3\\u7406\\u8fde\\u63a5\\u5df2\\u65ad\\u5f00: dashboard/ws\", \"logger\": \"app.api.proxy\", \"level\": \"info\", \"timestamp\": \"2025-06-28T14:43:05.055643Z\"}", "taskName": "Task-17"}
{"asctime": "2025-06-28 14:43:05,057", "name": "app.websocket.manager", "levelname": "INFO", "message": "{\"connection_id\": \"proxy-135177020412832\", \"connection_type\": \"dashboard\", \"event\": \"WebSocket connection removed\", \"logger\": \"app.websocket.manager\", \"level\": \"info\", \"timestamp\": \"2025-06-28T14:43:05.057110Z\"}", "taskName": "Task-17"}
INFO:     connection closed
{"asctime": "2025-06-28 14:43:05,077", "name": "app.api.proxy", "levelname": "INFO", "message": "{\"extra\": {\"connection_id\": \"proxy-135177020355648\"}, \"event\": \"WebSocket\\u4ee3\\u7406\\u8fde\\u63a5\\u5df2\\u65ad\\u5f00: console/ws\", \"logger\": \"app.api.proxy\", \"level\": \"info\", \"timestamp\": \"2025-06-28T14:43:05.077252Z\"}", "taskName": "Task-10"}
{"asctime": "2025-06-28 14:43:05,077", "name": "app.websocket.manager", "levelname": "INFO", "message": "{\"connection_id\": \"proxy-135177020355648\", \"connection_type\": \"console\", \"event\": \"WebSocket connection removed\", \"logger\": \"app.websocket.manager\", \"level\": \"info\", \"timestamp\": \"2025-06-28T14:43:05.077594Z\"}", "taskName": "Task-10"}
{"asctime": "2025-06-28 14:43:05,078", "name": "app.core.client", "levelname": "INFO", "message": "{\"event\": \"WebSocket manager unregistered from real-time logs\", \"logger\": \"app.core.client\", \"level\": \"info\", \"timestamp\": \"2025-06-28T14:43:05.077849Z\"}", "taskName": "Task-10"}
{"asctime": "2025-06-28 14:43:05,079", "name": "app.api.proxy", "levelname": "INFO", "message": "{\"event\": \"Unregistered WebSocket manager from real-time server logs\", \"logger\": \"app.api.proxy\", \"level\": \"info\", \"timestamp\": \"2025-06-28T14:43:05.079050Z\"}", "taskName": "Task-10"}
INFO:     connection closed
{"asctime": "2025-06-28 14:43:05,079", "name": "app.core.client", "levelname": "INFO", "message": "{\"event\": \"Log monitoring task cancelled\", \"logger\": \"app.core.client\", \"level\": \"info\", \"timestamp\": \"2025-06-28T14:43:05.079326Z\"}", "taskName": "Task-15"}
INFO:     ('5.34.218.160', 0) - "WebSocket /api/v1/ws-proxy/console/ws" [accepted]
{"asctime": "2025-06-28 14:43:12,465", "name": "app.api.proxy", "levelname": "INFO", "message": "{\"extra\": {\"connection_id\": \"proxy-135177020414464\"}, \"event\": \"WebSocket\\u4ee3\\u7406\\u8fde\\u63a5\\u5df2\\u5efa\\u7acb: console/ws\", \"logger\": \"app.api.proxy\", \"level\": \"info\", \"timestamp\": \"2025-06-28T14:43:12.465383Z\"}", "taskName": "Task-22"}
INFO:     connection open
{"asctime": "2025-06-28 14:43:12,466", "name": "app.core.client", "levelname": "INFO", "message": "{\"event\": \"WebSocket manager registered for real-time logs\", \"logger\": \"app.core.client\", \"level\": \"info\", \"timestamp\": \"2025-06-28T14:43:12.466895Z\"}", "taskName": "Task-22"}
{"asctime": "2025-06-28 14:43:12,467", "name": "app.api.proxy", "levelname": "INFO", "message": "{\"event\": \"Registered WebSocket manager for real-time server logs\", \"logger\": \"app.api.proxy\", \"level\": \"info\", \"timestamp\": \"2025-06-28T14:43:12.467083Z\"}", "taskName": "Task-22"}
{"asctime": "2025-06-28 14:43:12,467", "name": "app.core.client", "levelname": "INFO", "message": "{\"event\": \"Starting real-time log monitoring\", \"logger\": \"app.core.client\", \"level\": \"info\", \"timestamp\": \"2025-06-28T14:43:12.467440Z\"}", "taskName": "Task-26"}
{"asctime": "2025-06-28 14:43:13,025", "name": "app.api.proxy", "levelname": "INFO", "message": "{\"extra\": {\"connection_id\": \"proxy-135177020414464\"}, \"event\": \"WebSocket\\u4ee3\\u7406\\u8fde\\u63a5\\u5df2\\u65ad\\u5f00: console/ws\", \"logger\": \"app.api.proxy\", \"level\": \"info\", \"timestamp\": \"2025-06-28T14:43:13.025781Z\"}", "taskName": "Task-22"}
{"asctime": "2025-06-28 14:43:13,026", "name": "app.websocket.manager", "levelname": "INFO", "message": "{\"connection_id\": \"proxy-135177020414464\", \"connection_type\": \"console\", \"event\": \"WebSocket connection removed\", \"logger\": \"app.websocket.manager\", \"level\": \"info\", \"timestamp\": \"2025-06-28T14:43:13.026128Z\"}", "taskName": "Task-22"}
{"asctime": "2025-06-28 14:43:13,026", "name": "app.core.client", "levelname": "INFO", "message": "{\"event\": \"WebSocket manager unregistered from real-time logs\", \"logger\": \"app.core.client\", \"level\": \"info\", \"timestamp\": \"2025-06-28T14:43:13.026283Z\"}", "taskName": "Task-22"}
{"asctime": "2025-06-28 14:43:13,026", "name": "app.api.proxy", "levelname": "INFO", "message": "{\"event\": \"Unregistered WebSocket manager from real-time server logs\", \"logger\": \"app.api.proxy\", \"level\": \"info\", \"timestamp\": \"2025-06-28T14:43:13.026427Z\"}", "taskName": "Task-22"}
INFO:     connection closed
{"asctime": "2025-06-28 14:43:13,026", "name": "app.core.client", "levelname": "INFO", "message": "{\"event\": \"Log monitoring task cancelled\", \"logger\": \"app.core.client\", \"level\": \"info\", \"timestamp\": \"2025-06-28T14:43:13.026688Z\"}", "taskName": "Task-26"}
INFO:     ('5.34.218.160', 0) - "WebSocket /api/v1/ws-proxy/dashboard/ws" [accepted]
{"asctime": "2025-06-28 14:43:13,702", "name": "app.api.proxy", "levelname": "INFO", "message": "{\"extra\": {\"connection_id\": \"proxy-135177020420512\"}, \"event\": \"WebSocket\\u4ee3\\u7406\\u8fde\\u63a5\\u5df2\\u5efa\\u7acb: dashboard/ws\", \"logger\": \"app.api.proxy\", \"level\": \"info\", \"timestamp\": \"2025-06-28T14:43:13.702152Z\"}", "taskName": "Task-28"}
INFO:     connection open
{"asctime": "2025-06-28 14:43:13,964", "name": "app.api.proxy", "levelname": "INFO", "message": "{\"extra\": {\"connection_id\": \"proxy-135177020420512\"}, \"event\": \"WebSocket\\u4ee3\\u7406\\u8fde\\u63a5\\u5df2\\u65ad\\u5f00: dashboard/ws\", \"logger\": \"app.api.proxy\", \"level\": \"info\", \"timestamp\": \"2025-06-28T14:43:13.964296Z\"}", "taskName": "Task-28"}
{"asctime": "2025-06-28 14:43:13,964", "name": "app.websocket.manager", "levelname": "INFO", "message": "{\"connection_id\": \"proxy-135177020420512\", \"connection_type\": \"dashboard\", \"event\": \"WebSocket connection removed\", \"logger\": \"app.websocket.manager\", \"level\": \"info\", \"timestamp\": \"2025-06-28T14:43:13.964598Z\"}", "taskName": "Task-28"}
INFO:     connection closed
INFO:     ('5.34.218.160', 0) - "WebSocket /api/v1/ws-proxy/console/ws" [accepted]
{"asctime": "2025-06-28 14:43:20,314", "name": "app.api.proxy", "levelname": "INFO", "message": "{\"extra\": {\"connection_id\": \"proxy-135177020355504\"}, \"event\": \"WebSocket\\u4ee3\\u7406\\u8fde\\u63a5\\u5df2\\u5efa\\u7acb: console/ws\", \"logger\": \"app.api.proxy\", \"level\": \"info\", \"timestamp\": \"2025-06-28T14:43:20.314613Z\"}", "taskName": "Task-33"}
INFO:     connection open
{"asctime": "2025-06-28 14:43:20,315", "name": "app.core.client", "levelname": "INFO", "message": "{\"event\": \"WebSocket manager registered for real-time logs\", \"logger\": \"app.core.client\", \"level\": \"info\", \"timestamp\": \"2025-06-28T14:43:20.315451Z\"}", "taskName": "Task-33"}
{"asctime": "2025-06-28 14:43:20,315", "name": "app.api.proxy", "levelname": "INFO", "message": "{\"event\": \"Registered WebSocket manager for real-time server logs\", \"logger\": \"app.api.proxy\", \"level\": \"info\", \"timestamp\": \"2025-06-28T14:43:20.315659Z\"}", "taskName": "Task-33"}
{"asctime": "2025-06-28 14:43:20,315", "name": "app.core.client", "levelname": "INFO", "message": "{\"event\": \"Starting real-time log monitoring\", \"logger\": \"app.core.client\", \"level\": \"info\", \"timestamp\": \"2025-06-28T14:43:20.315915Z\"}", "taskName": "Task-37"}
INFO:     ('5.34.218.160', 0) - "WebSocket /api/v1/ws-proxy/dashboard/ws" [accepted]
{"asctime": "2025-06-28 14:43:20,736", "name": "app.api.proxy", "levelname": "INFO", "message": "{\"extra\": {\"connection_id\": \"proxy-135177020413312\"}, \"event\": \"WebSocket\\u4ee3\\u7406\\u8fde\\u63a5\\u5df2\\u5efa\\u7acb: dashboard/ws\", \"logger\": \"app.api.proxy\", \"level\": \"info\", \"timestamp\": \"2025-06-28T14:43:20.736382Z\"}", "taskName": "Task-39"}
INFO:     connection open
{"asctime": "2025-06-28 14:43:24,439", "name": "app.core.client", "levelname": "INFO", "message": "{\"event\": \"Command 'list' (type: CHAT) queued for execution\", \"logger\": \"app.core.client\", \"level\": \"info\", \"timestamp\": \"2025-06-28T14:43:24.439634Z\"}", "taskName": "Task-44"}
{"asctime": "2025-06-28 14:43:24,440", "name": "app.core.client", "levelname": "INFO", "message": "{\"event\": \"Routing command 'list' to CHAT backend\", \"logger\": \"app.core.client\", \"level\": \"info\", \"timestamp\": \"2025-06-28T14:43:24.440184Z\"}", "taskName": "Task-45"}
{"asctime": "2025-06-28 14:43:24,440", "name": "app.core.client", "levelname": "INFO", "message": "{\"event\": \"Executing chat message: list\", \"logger\": \"app.core.client\", \"level\": \"info\", \"timestamp\": \"2025-06-28T14:43:24.440543Z\"}", "taskName": "Task-45"}
{"asctime": "2025-06-28 14:43:24,459", "name": "app.core.client", "levelname": "INFO", "message": "{\"event\": \"Starting direct communication for command: say list\", \"logger\": \"app.core.client\", \"level\": \"info\", \"timestamp\": \"2025-06-28T14:43:24.459652Z\"}", "taskName": "Task-45"}
{"asctime": "2025-06-28 14:43:24,466", "name": "app.core.client", "levelname": "INFO", "message": "{\"event\": \"Found server process: PID 212197\", \"logger\": \"app.core.client\", \"level\": \"info\", \"timestamp\": \"2025-06-28T14:43:24.466795Z\"}", "taskName": "Task-45"}
{"asctime": "2025-06-28 14:43:25,990", "name": "app.core.client", "levelname": "INFO", "message": "{\"event\": \"Successfully broadcasted console message: \\u670d\\u52a1\\u5668\\u54cd\\u5e94: [14:43:24] [Server thread/INFO]: [Not Secur...\", \"logger\": \"app.core.client\", \"level\": \"info\", \"timestamp\": \"2025-06-28T14:43:25.990721Z\"}", "taskName": "Task-45"}
{"asctime": "2025-06-28 14:43:55,124", "name": "app.core.client", "levelname": "INFO", "message": "{\"event\": \"Command 'list' (type: CHAT) queued for execution\", \"logger\": \"app.core.client\", \"level\": \"info\", \"timestamp\": \"2025-06-28T14:43:55.124546Z\"}", "taskName": "Task-80"}
{"asctime": "2025-06-28 14:43:55,125", "name": "app.core.client", "levelname": "INFO", "message": "{\"event\": \"Routing command 'list' to CHAT backend\", \"logger\": \"app.core.client\", \"level\": \"info\", \"timestamp\": \"2025-06-28T14:43:55.125274Z\"}", "taskName": "Task-81"}
{"asctime": "2025-06-28 14:43:55,125", "name": "app.core.client", "levelname": "INFO", "message": "{\"event\": \"Executing chat message: list\", \"logger\": \"app.core.client\", \"level\": \"info\", \"timestamp\": \"2025-06-28T14:43:55.125641Z\"}", "taskName": "Task-81"}
{"asctime": "2025-06-28 14:43:55,126", "name": "app.core.client", "levelname": "INFO", "message": "{\"event\": \"Starting direct communication for command: say list\", \"logger\": \"app.core.client\", \"level\": \"info\", \"timestamp\": \"2025-06-28T14:43:55.126047Z\"}", "taskName": "Task-81"}
{"asctime": "2025-06-28 14:43:55,130", "name": "app.core.client", "levelname": "INFO", "message": "{\"event\": \"Found server process: PID 212197\", \"logger\": \"app.core.client\", \"level\": \"info\", \"timestamp\": \"2025-06-28T14:43:55.130756Z\"}", "taskName": "Task-81"}
{"asctime": "2025-06-28 14:43:56,649", "name": "app.core.client", "levelname": "INFO", "message": "{\"event\": \"Successfully broadcasted console message: \\u670d\\u52a1\\u5668\\u54cd\\u5e94: [14:43:55] [Server thread/INFO]: [Not Secur...\", \"logger\": \"app.core.client\", \"level\": \"info\", \"timestamp\": \"2025-06-28T14:43:56.649369Z\"}", "taskName": "Task-81"}
{"asctime": "2025-06-28 14:44:25,730", "name": "app.core.client", "levelname": "INFO", "message": "{\"event\": \"Command 'list' (type: CHAT) queued for execution\", \"logger\": \"app.core.client\", \"level\": \"info\", \"timestamp\": \"2025-06-28T14:44:25.730248Z\"}", "taskName": "Task-115"}
{"asctime": "2025-06-28 14:44:25,731", "name": "app.core.client", "levelname": "INFO", "message": "{\"event\": \"Routing command 'list' to CHAT backend\", \"logger\": \"app.core.client\", \"level\": \"info\", \"timestamp\": \"2025-06-28T14:44:25.731086Z\"}", "taskName": "Task-116"}
{"asctime": "2025-06-28 14:44:25,731", "name": "app.core.client", "levelname": "INFO", "message": "{\"event\": \"Executing chat message: list\", \"logger\": \"app.core.client\", \"level\": \"info\", \"timestamp\": \"2025-06-28T14:44:25.731244Z\"}", "taskName": "Task-116"}
{"asctime": "2025-06-28 14:44:25,731", "name": "app.core.client", "levelname": "INFO", "message": "{\"event\": \"Starting direct communication for command: say list\", \"logger\": \"app.core.client\", \"level\": \"info\", \"timestamp\": \"2025-06-28T14:44:25.731395Z\"}", "taskName": "Task-116"}
{"asctime": "2025-06-28 14:44:25,743", "name": "app.core.client", "levelname": "INFO", "message": "{\"event\": \"Found server process: PID 212197\", \"logger\": \"app.core.client\", \"level\": \"info\", \"timestamp\": \"2025-06-28T14:44:25.742987Z\"}", "taskName": "Task-116"}
{"asctime": "2025-06-28 14:44:27,296", "name": "app.core.client", "levelname": "INFO", "message": "{\"event\": \"Successfully broadcasted console message: \\u670d\\u52a1\\u5668\\u54cd\\u5e94: [14:44:25] [Server thread/INFO]: [Not Secur...\", \"logger\": \"app.core.client\", \"level\": \"info\", \"timestamp\": \"2025-06-28T14:44:27.296381Z\"}", "taskName": "Task-116"}
{"asctime": "2025-06-28 14:44:56,470", "name": "app.core.client", "levelname": "INFO", "message": "{\"event\": \"Command 'list' (type: CHAT) queued for execution\", \"logger\": \"app.core.client\", \"level\": \"info\", \"timestamp\": \"2025-06-28T14:44:56.470436Z\"}", "taskName": "Task-152"}
{"asctime": "2025-06-28 14:44:56,471", "name": "app.core.client", "levelname": "INFO", "message": "{\"event\": \"Routing command 'list' to CHAT backend\", \"logger\": \"app.core.client\", \"level\": \"info\", \"timestamp\": \"2025-06-28T14:44:56.470986Z\"}", "taskName": "Task-153"}
{"asctime": "2025-06-28 14:44:56,471", "name": "app.core.client", "levelname": "INFO", "message": "{\"event\": \"Executing chat message: list\", \"logger\": \"app.core.client\", \"level\": \"info\", \"timestamp\": \"2025-06-28T14:44:56.471602Z\"}", "taskName": "Task-153"}
{"asctime": "2025-06-28 14:44:56,472", "name": "app.core.client", "levelname": "INFO", "message": "{\"event\": \"Starting direct communication for command: say list\", \"logger\": \"app.core.client\", \"level\": \"info\", \"timestamp\": \"2025-06-28T14:44:56.472082Z\"}", "taskName": "Task-153"}
{"asctime": "2025-06-28 14:44:56,476", "name": "app.core.client", "levelname": "INFO", "message": "{\"event\": \"Found server process: PID 212197\", \"logger\": \"app.core.client\", \"level\": \"info\", \"timestamp\": \"2025-06-28T14:44:56.476586Z\"}", "taskName": "Task-153"}
{"asctime": "2025-06-28 14:44:57,995", "name": "app.core.client", "levelname": "INFO", "message": "{\"event\": \"Successfully broadcasted console message: \\u670d\\u52a1\\u5668\\u54cd\\u5e94: [14:44:56] [Server thread/INFO]: [Not Secur...\", \"logger\": \"app.core.client\", \"level\": \"info\", \"timestamp\": \"2025-06-28T14:44:57.995659Z\"}", "taskName": "Task-153"}
{"asctime": "2025-06-28 14:45:26,996", "name": "app.core.client", "levelname": "INFO", "message": "{\"event\": \"Command 'list' (type: CHAT) queued for execution\", \"logger\": \"app.core.client\", \"level\": \"info\", \"timestamp\": \"2025-06-28T14:45:26.995529Z\"}", "taskName": "Task-187"}
{"asctime": "2025-06-28 14:45:26,997", "name": "app.core.client", "levelname": "INFO", "message": "{\"event\": \"Routing command 'list' to CHAT backend\", \"logger\": \"app.core.client\", \"level\": \"info\", \"timestamp\": \"2025-06-28T14:45:26.997614Z\"}", "taskName": "Task-188"}
{"asctime": "2025-06-28 14:45:26,998", "name": "app.core.client", "levelname": "INFO", "message": "{\"event\": \"Executing chat message: list\", \"logger\": \"app.core.client\", \"level\": \"info\", \"timestamp\": \"2025-06-28T14:45:26.998435Z\"}", "taskName": "Task-188"}
{"asctime": "2025-06-28 14:45:26,999", "name": "app.core.client", "levelname": "INFO", "message": "{\"event\": \"Starting direct communication for command: say list\", \"logger\": \"app.core.client\", \"level\": \"info\", \"timestamp\": \"2025-06-28T14:45:26.999174Z\"}", "taskName": "Task-188"}
{"asctime": "2025-06-28 14:45:27,018", "name": "app.core.client", "levelname": "INFO", "message": "{\"event\": \"Found server process: PID 212197\", \"logger\": \"app.core.client\", \"level\": \"info\", \"timestamp\": \"2025-06-28T14:45:27.018720Z\"}", "taskName": "Task-188"}
{"asctime": "2025-06-28 14:45:28,551", "name": "app.core.client", "levelname": "INFO", "message": "{\"event\": \"Successfully broadcasted console message: \\u670d\\u52a1\\u5668\\u54cd\\u5e94: [14:45:27] [Server thread/INFO]: [Not Secur...\", \"logger\": \"app.core.client\", \"level\": \"info\", \"timestamp\": \"2025-06-28T14:45:28.551639Z\"}", "taskName": "Task-188"}
{"asctime": "2025-06-28 14:45:57,589", "name": "app.core.client", "levelname": "INFO", "message": "{\"event\": \"Command 'list' (type: CHAT) queued for execution\", \"logger\": \"app.core.client\", \"level\": \"info\", \"timestamp\": \"2025-06-28T14:45:57.588715Z\"}", "taskName": "Task-220"}
{"asctime": "2025-06-28 14:45:57,589", "name": "app.core.client", "levelname": "INFO", "message": "{\"event\": \"Routing command 'list' to CHAT backend\", \"logger\": \"app.core.client\", \"level\": \"info\", \"timestamp\": \"2025-06-28T14:45:57.589531Z\"}", "taskName": "Task-221"}
{"asctime": "2025-06-28 14:45:57,590", "name": "app.core.client", "levelname": "INFO", "message": "{\"event\": \"Executing chat message: list\", \"logger\": \"app.core.client\", \"level\": \"info\", \"timestamp\": \"2025-06-28T14:45:57.590091Z\"}", "taskName": "Task-221"}
{"asctime": "2025-06-28 14:45:57,590", "name": "app.core.client", "levelname": "INFO", "message": "{\"event\": \"Starting direct communication for command: say list\", \"logger\": \"app.core.client\", \"level\": \"info\", \"timestamp\": \"2025-06-28T14:45:57.590590Z\"}", "taskName": "Task-221"}
{"asctime": "2025-06-28 14:45:57,596", "name": "app.core.client", "levelname": "INFO", "message": "{\"event\": \"Found server process: PID 212197\", \"logger\": \"app.core.client\", \"level\": \"info\", \"timestamp\": \"2025-06-28T14:45:57.596359Z\"}", "taskName": "Task-221"}
{"asctime": "2025-06-28 14:45:59,115", "name": "app.core.client", "levelname": "INFO", "message": "{\"event\": \"Successfully broadcasted console message: \\u670d\\u52a1\\u5668\\u54cd\\u5e94: [14:45:57] [Server thread/INFO]: [Not Secur...\", \"logger\": \"app.core.client\", \"level\": \"info\", \"timestamp\": \"2025-06-28T14:45:59.115545Z\"}", "taskName": "Task-221"}
{"asctime": "2025-06-28 14:46:28,058", "name": "app.core.client", "levelname": "INFO", "message": "{\"event\": \"Command 'list' (type: CHAT) queued for execution\", \"logger\": \"app.core.client\", \"level\": \"info\", \"timestamp\": \"2025-06-28T14:46:28.058157Z\"}", "taskName": "Task-252"}
{"asctime": "2025-06-28 14:46:28,058", "name": "app.core.client", "levelname": "INFO", "message": "{\"event\": \"Routing command 'list' to CHAT backend\", \"logger\": \"app.core.client\", \"level\": \"info\", \"timestamp\": \"2025-06-28T14:46:28.058671Z\"}", "taskName": "Task-253"}
{"asctime": "2025-06-28 14:46:28,059", "name": "app.core.client", "levelname": "INFO", "message": "{\"event\": \"Executing chat message: list\", \"logger\": \"app.core.client\", \"level\": \"info\", \"timestamp\": \"2025-06-28T14:46:28.059674Z\"}", "taskName": "Task-253"}
{"asctime": "2025-06-28 14:46:28,060", "name": "app.core.client", "levelname": "INFO", "message": "{\"event\": \"Starting direct communication for command: say list\", \"logger\": \"app.core.client\", \"level\": \"info\", \"timestamp\": \"2025-06-28T14:46:28.060022Z\"}", "taskName": "Task-253"}
{"asctime": "2025-06-28 14:46:28,064", "name": "app.core.client", "levelname": "INFO", "message": "{\"event\": \"Found server process: PID 212197\", \"logger\": \"app.core.client\", \"level\": \"info\", \"timestamp\": \"2025-06-28T14:46:28.064722Z\"}", "taskName": "Task-253"}
{"asctime": "2025-06-28 14:46:29,584", "name": "app.core.client", "levelname": "INFO", "message": "{\"event\": \"Successfully broadcasted console message: \\u670d\\u52a1\\u5668\\u54cd\\u5e94: [14:46:28] [Server thread/INFO]: [Not Secur...\", \"logger\": \"app.core.client\", \"level\": \"info\", \"timestamp\": \"2025-06-28T14:46:29.584525Z\"}", "taskName": "Task-253"}
{"asctime": "2025-06-28 14:46:59,051", "name": "app.core.client", "levelname": "INFO", "message": "{\"event\": \"Command 'list' (type: CHAT) queued for execution\", \"logger\": \"app.core.client\", \"level\": \"info\", \"timestamp\": \"2025-06-28T14:46:59.051517Z\"}", "taskName": "Task-288"}
{"asctime": "2025-06-28 14:46:59,052", "name": "app.core.client", "levelname": "INFO", "message": "{\"event\": \"Routing command 'list' to CHAT backend\", \"logger\": \"app.core.client\", \"level\": \"info\", \"timestamp\": \"2025-06-28T14:46:59.052063Z\"}", "taskName": "Task-289"}
{"asctime": "2025-06-28 14:46:59,052", "name": "app.core.client", "levelname": "INFO", "message": "{\"event\": \"Executing chat message: list\", \"logger\": \"app.core.client\", \"level\": \"info\", \"timestamp\": \"2025-06-28T14:46:59.052702Z\"}", "taskName": "Task-289"}
{"asctime": "2025-06-28 14:46:59,053", "name": "app.core.client", "levelname": "INFO", "message": "{\"event\": \"Starting direct communication for command: say list\", \"logger\": \"app.core.client\", \"level\": \"info\", \"timestamp\": \"2025-06-28T14:46:59.053068Z\"}", "taskName": "Task-289"}
{"asctime": "2025-06-28 14:46:59,057", "name": "app.core.client", "levelname": "INFO", "message": "{\"event\": \"Found server process: PID 212197\", \"logger\": \"app.core.client\", \"level\": \"info\", \"timestamp\": \"2025-06-28T14:46:59.057525Z\"}", "taskName": "Task-289"}
{"asctime": "2025-06-28 14:47:00,578", "name": "app.core.client", "levelname": "INFO", "message": "{\"event\": \"Successfully broadcasted console message: \\u670d\\u52a1\\u5668\\u54cd\\u5e94: [14:46:59] [Server thread/INFO]: [Not Secur...\", \"logger\": \"app.core.client\", \"level\": \"info\", \"timestamp\": \"2025-06-28T14:47:00.578090Z\"}", "taskName": "Task-289"}
{"asctime": "2025-06-28 14:47:29,500", "name": "app.core.client", "levelname": "INFO", "message": "{\"event\": \"Command 'list' (type: CHAT) queued for execution\", \"logger\": \"app.core.client\", \"level\": \"info\", \"timestamp\": \"2025-06-28T14:47:29.500078Z\"}", "taskName": "Task-323"}
{"asctime": "2025-06-28 14:47:29,501", "name": "app.core.client", "levelname": "INFO", "message": "{\"event\": \"Routing command 'list' to CHAT backend\", \"logger\": \"app.core.client\", \"level\": \"info\", \"timestamp\": \"2025-06-28T14:47:29.501035Z\"}", "taskName": "Task-324"}
{"asctime": "2025-06-28 14:47:29,502", "name": "app.core.client", "levelname": "INFO", "message": "{\"event\": \"Executing chat message: list\", \"logger\": \"app.core.client\", \"level\": \"info\", \"timestamp\": \"2025-06-28T14:47:29.502193Z\"}", "taskName": "Task-324"}
{"asctime": "2025-06-28 14:47:29,504", "name": "app.core.client", "levelname": "INFO", "message": "{\"event\": \"Starting direct communication for command: say list\", \"logger\": \"app.core.client\", \"level\": \"info\", \"timestamp\": \"2025-06-28T14:47:29.504053Z\"}", "taskName": "Task-324"}
{"asctime": "2025-06-28 14:47:29,520", "name": "app.core.client", "levelname": "INFO", "message": "{\"event\": \"Found server process: PID 212197\", \"logger\": \"app.core.client\", \"level\": \"info\", \"timestamp\": \"2025-06-28T14:47:29.520210Z\"}", "taskName": "Task-324"}
{"asctime": "2025-06-28 14:47:31,060", "name": "app.core.client", "levelname": "INFO", "message": "{\"event\": \"Successfully broadcasted console message: \\u670d\\u52a1\\u5668\\u54cd\\u5e94: [14:47:29] [Server thread/INFO]: [Not Secur...\", \"logger\": \"app.core.client\", \"level\": \"info\", \"timestamp\": \"2025-06-28T14:47:31.060306Z\"}", "taskName": "Task-324"}
{"asctime": "2025-06-28 14:48:00,292", "name": "app.core.client", "levelname": "INFO", "message": "{\"event\": \"Command 'list' (type: CHAT) queued for execution\", \"logger\": \"app.core.client\", \"level\": \"info\", \"timestamp\": \"2025-06-28T14:48:00.292664Z\"}", "taskName": "Task-356"}
{"asctime": "2025-06-28 14:48:00,293", "name": "app.core.client", "levelname": "INFO", "message": "{\"event\": \"Routing command 'list' to CHAT backend\", \"logger\": \"app.core.client\", \"level\": \"info\", \"timestamp\": \"2025-06-28T14:48:00.293152Z\"}", "taskName": "Task-357"}
{"asctime": "2025-06-28 14:48:00,293", "name": "app.core.client", "levelname": "INFO", "message": "{\"event\": \"Executing chat message: list\", \"logger\": \"app.core.client\", \"level\": \"info\", \"timestamp\": \"2025-06-28T14:48:00.293296Z\"}", "taskName": "Task-357"}
{"asctime": "2025-06-28 14:48:00,293", "name": "app.core.client", "levelname": "INFO", "message": "{\"event\": \"Starting direct communication for command: say list\", \"logger\": \"app.core.client\", \"level\": \"info\", \"timestamp\": \"2025-06-28T14:48:00.293446Z\"}", "taskName": "Task-357"}
{"asctime": "2025-06-28 14:48:00,298", "name": "app.core.client", "levelname": "INFO", "message": "{\"event\": \"Found server process: PID 212197\", \"logger\": \"app.core.client\", \"level\": \"info\", \"timestamp\": \"2025-06-28T14:48:00.298007Z\"}", "taskName": "Task-357"}
{"asctime": "2025-06-28 14:48:01,817", "name": "app.core.client", "levelname": "INFO", "message": "{\"event\": \"Successfully broadcasted console message: \\u670d\\u52a1\\u5668\\u54cd\\u5e94: [14:48:00] [Server thread/INFO]: [Not Secur...\", \"logger\": \"app.core.client\", \"level\": \"info\", \"timestamp\": \"2025-06-28T14:48:01.817286Z\"}", "taskName": "Task-357"}
{"asctime": "2025-06-28 14:48:30,776", "name": "app.core.client", "levelname": "INFO", "message": "{\"event\": \"Command 'list' (type: CHAT) queued for execution\", \"logger\": \"app.core.client\", \"level\": \"info\", \"timestamp\": \"2025-06-28T14:48:30.776465Z\"}", "taskName": "Task-392"}
{"asctime": "2025-06-28 14:48:30,777", "name": "app.core.client", "levelname": "INFO", "message": "{\"event\": \"Routing command 'list' to CHAT backend\", \"logger\": \"app.core.client\", \"level\": \"info\", \"timestamp\": \"2025-06-28T14:48:30.777292Z\"}", "taskName": "Task-393"}
{"asctime": "2025-06-28 14:48:30,777", "name": "app.core.client", "levelname": "INFO", "message": "{\"event\": \"Executing chat message: list\", \"logger\": \"app.core.client\", \"level\": \"info\", \"timestamp\": \"2025-06-28T14:48:30.777573Z\"}", "taskName": "Task-393"}
{"asctime": "2025-06-28 14:48:30,778", "name": "app.core.client", "levelname": "INFO", "message": "{\"event\": \"Starting direct communication for command: say list\", \"logger\": \"app.core.client\", \"level\": \"info\", \"timestamp\": \"2025-06-28T14:48:30.777963Z\"}", "taskName": "Task-393"}
{"asctime": "2025-06-28 14:48:30,782", "name": "app.core.client", "levelname": "INFO", "message": "{\"event\": \"Found server process: PID 212197\", \"logger\": \"app.core.client\", \"level\": \"info\", \"timestamp\": \"2025-06-28T14:48:30.782331Z\"}", "taskName": "Task-393"}
{"asctime": "2025-06-28 14:48:32,300", "name": "app.core.client", "levelname": "INFO", "message": "{\"event\": \"Successfully broadcasted console message: \\u670d\\u52a1\\u5668\\u54cd\\u5e94: [14:48:30] [Server thread/INFO]: [Not Secur...\", \"logger\": \"app.core.client\", \"level\": \"info\", \"timestamp\": \"2025-06-28T14:48:32.300259Z\"}", "taskName": "Task-393"}
{"asctime": "2025-06-28 14:49:01,233", "name": "app.core.client", "levelname": "INFO", "message": "{\"event\": \"Command 'list' (type: CHAT) queued for execution\", \"logger\": \"app.core.client\", \"level\": \"info\", \"timestamp\": \"2025-06-28T14:49:01.233448Z\"}", "taskName": "Task-424"}
{"asctime": "2025-06-28 14:49:01,234", "name": "app.core.client", "levelname": "INFO", "message": "{\"event\": \"Routing command 'list' to CHAT backend\", \"logger\": \"app.core.client\", \"level\": \"info\", \"timestamp\": \"2025-06-28T14:49:01.234883Z\"}", "taskName": "Task-425"}
{"asctime": "2025-06-28 14:49:01,235", "name": "app.core.client", "levelname": "INFO", "message": "{\"event\": \"Executing chat message: list\", \"logger\": \"app.core.client\", \"level\": \"info\", \"timestamp\": \"2025-06-28T14:49:01.235211Z\"}", "taskName": "Task-425"}
{"asctime": "2025-06-28 14:49:01,235", "name": "app.core.client", "levelname": "INFO", "message": "{\"event\": \"Starting direct communication for command: say list\", \"logger\": \"app.core.client\", \"level\": \"info\", \"timestamp\": \"2025-06-28T14:49:01.235561Z\"}", "taskName": "Task-425"}
{"asctime": "2025-06-28 14:49:01,241", "name": "app.core.client", "levelname": "INFO", "message": "{\"event\": \"Found server process: PID 212197\", \"logger\": \"app.core.client\", \"level\": \"info\", \"timestamp\": \"2025-06-28T14:49:01.241778Z\"}", "taskName": "Task-425"}
{"asctime": "2025-06-28 14:49:02,758", "name": "app.core.client", "levelname": "INFO", "message": "{\"event\": \"Successfully broadcasted console message: \\u670d\\u52a1\\u5668\\u54cd\\u5e94: [14:49:01] [Server thread/INFO]: [Not Secur...\", \"logger\": \"app.core.client\", \"level\": \"info\", \"timestamp\": \"2025-06-28T14:49:02.758790Z\"}", "taskName": "Task-425"}
{"asctime": "2025-06-28 14:49:31,743", "name": "app.core.client", "levelname": "INFO", "message": "{\"event\": \"Command 'list' (type: CHAT) queued for execution\", \"logger\": \"app.core.client\", \"level\": \"info\", \"timestamp\": \"2025-06-28T14:49:31.743062Z\"}", "taskName": "Task-460"}
{"asctime": "2025-06-28 14:49:31,743", "name": "app.core.client", "levelname": "INFO", "message": "{\"event\": \"Routing command 'list' to CHAT backend\", \"logger\": \"app.core.client\", \"level\": \"info\", \"timestamp\": \"2025-06-28T14:49:31.743528Z\"}", "taskName": "Task-461"}
{"asctime": "2025-06-28 14:49:31,743", "name": "app.core.client", "levelname": "INFO", "message": "{\"event\": \"Executing chat message: list\", \"logger\": \"app.core.client\", \"level\": \"info\", \"timestamp\": \"2025-06-28T14:49:31.743666Z\"}", "taskName": "Task-461"}
{"asctime": "2025-06-28 14:49:31,743", "name": "app.core.client", "levelname": "INFO", "message": "{\"event\": \"Starting direct communication for command: say list\", \"logger\": \"app.core.client\", \"level\": \"info\", \"timestamp\": \"2025-06-28T14:49:31.743812Z\"}", "taskName": "Task-461"}
{"asctime": "2025-06-28 14:49:31,752", "name": "app.core.client", "levelname": "INFO", "message": "{\"event\": \"Found server process: PID 212197\", \"logger\": \"app.core.client\", \"level\": \"info\", \"timestamp\": \"2025-06-28T14:49:31.752490Z\"}", "taskName": "Task-461"}
{"asctime": "2025-06-28 14:49:33,282", "name": "app.core.client", "levelname": "INFO", "message": "{\"event\": \"Successfully broadcasted console message: \\u670d\\u52a1\\u5668\\u54cd\\u5e94: [14:49:31] [Server thread/INFO]: [Not Secur...\", \"logger\": \"app.core.client\", \"level\": \"info\", \"timestamp\": \"2025-06-28T14:49:33.282239Z\"}", "taskName": "Task-461"}
{"asctime": "2025-06-28 14:50:02,288", "name": "app.core.client", "levelname": "INFO", "message": "{\"event\": \"Command 'list' (type: CHAT) queued for execution\", \"logger\": \"app.core.client\", \"level\": \"info\", \"timestamp\": \"2025-06-28T14:50:02.288172Z\"}", "taskName": "Task-492"}
{"asctime": "2025-06-28 14:50:02,288", "name": "app.core.client", "levelname": "INFO", "message": "{\"event\": \"Routing command 'list' to CHAT backend\", \"logger\": \"app.core.client\", \"level\": \"info\", \"timestamp\": \"2025-06-28T14:50:02.288651Z\"}", "taskName": "Task-493"}
{"asctime": "2025-06-28 14:50:02,288", "name": "app.core.client", "levelname": "INFO", "message": "{\"event\": \"Executing chat message: list\", \"logger\": \"app.core.client\", \"level\": \"info\", \"timestamp\": \"2025-06-28T14:50:02.288793Z\"}", "taskName": "Task-493"}
{"asctime": "2025-06-28 14:50:02,289", "name": "app.core.client", "levelname": "INFO", "message": "{\"event\": \"Starting direct communication for command: say list\", \"logger\": \"app.core.client\", \"level\": \"info\", \"timestamp\": \"2025-06-28T14:50:02.289730Z\"}", "taskName": "Task-493"}
{"asctime": "2025-06-28 14:50:02,294", "name": "app.core.client", "levelname": "INFO", "message": "{\"event\": \"Found server process: PID 212197\", \"logger\": \"app.core.client\", \"level\": \"info\", \"timestamp\": \"2025-06-28T14:50:02.294334Z\"}", "taskName": "Task-493"}
{"asctime": "2025-06-28 14:50:03,826", "name": "app.core.client", "levelname": "INFO", "message": "{\"event\": \"Successfully broadcasted console message: \\u670d\\u52a1\\u5668\\u54cd\\u5e94: [14:50:02] [Server thread/INFO]: [Not Secur...\", \"logger\": \"app.core.client\", \"level\": \"info\", \"timestamp\": \"2025-06-28T14:50:03.825829Z\"}", "taskName": "Task-493"}
{"asctime": "2025-06-28 14:50:32,880", "name": "app.core.client", "levelname": "INFO", "message": "{\"event\": \"Command 'list' (type: CHAT) queued for execution\", \"logger\": \"app.core.client\", \"level\": \"info\", \"timestamp\": \"2025-06-28T14:50:32.880669Z\"}", "taskName": "Task-528"}
{"asctime": "2025-06-28 14:50:32,881", "name": "app.core.client", "levelname": "INFO", "message": "{\"event\": \"Routing command 'list' to CHAT backend\", \"logger\": \"app.core.client\", \"level\": \"info\", \"timestamp\": \"2025-06-28T14:50:32.881304Z\"}", "taskName": "Task-529"}
{"asctime": "2025-06-28 14:50:32,881", "name": "app.core.client", "levelname": "INFO", "message": "{\"event\": \"Executing chat message: list\", \"logger\": \"app.core.client\", \"level\": \"info\", \"timestamp\": \"2025-06-28T14:50:32.881507Z\"}", "taskName": "Task-529"}
{"asctime": "2025-06-28 14:50:32,882", "name": "app.core.client", "levelname": "INFO", "message": "{\"event\": \"Starting direct communication for command: say list\", \"logger\": \"app.core.client\", \"level\": \"info\", \"timestamp\": \"2025-06-28T14:50:32.881799Z\"}", "taskName": "Task-529"}
{"asctime": "2025-06-28 14:50:32,886", "name": "app.core.client", "levelname": "INFO", "message": "{\"event\": \"Found server process: PID 212197\", \"logger\": \"app.core.client\", \"level\": \"info\", \"timestamp\": \"2025-06-28T14:50:32.886498Z\"}", "taskName": "Task-529"}
{"asctime": "2025-06-28 14:50:34,410", "name": "app.core.client", "levelname": "INFO", "message": "{\"event\": \"Successfully broadcasted console message: \\u670d\\u52a1\\u5668\\u54cd\\u5e94: [14:50:32] [Server thread/INFO]: [Not Secur...\", \"logger\": \"app.core.client\", \"level\": \"info\", \"timestamp\": \"2025-06-28T14:50:34.410644Z\"}", "taskName": "Task-529"}
WARNING:  WatchFiles detected changes in 'app/main.py'. Reloading...
INFO:     Shutting down
{"asctime": "2025-06-28 14:50:40,829", "name": "app.api.proxy", "levelname": "INFO", "message": "{\"extra\": {\"connection_id\": \"proxy-135177020355504\"}, \"event\": \"WebSocket\\u4ee3\\u7406\\u8fde\\u63a5\\u5df2\\u65ad\\u5f00: console/ws\", \"logger\": \"app.api.proxy\", \"level\": \"info\", \"timestamp\": \"2025-06-28T14:50:40.828978Z\"}", "taskName": "Task-33"}
{"asctime": "2025-06-28 14:50:40,829", "name": "app.websocket.manager", "levelname": "INFO", "message": "{\"connection_id\": \"proxy-135177020355504\", \"connection_type\": \"console\", \"event\": \"WebSocket connection removed\", \"logger\": \"app.websocket.manager\", \"level\": \"info\", \"timestamp\": \"2025-06-28T14:50:40.829797Z\"}", "taskName": "Task-33"}
{"asctime": "2025-06-28 14:50:40,830", "name": "app.core.client", "levelname": "INFO", "message": "{\"event\": \"WebSocket manager unregistered from real-time logs\", \"logger\": \"app.core.client\", \"level\": \"info\", \"timestamp\": \"2025-06-28T14:50:40.830339Z\"}", "taskName": "Task-33"}
{"asctime": "2025-06-28 14:50:40,831", "name": "app.api.proxy", "levelname": "INFO", "message": "{\"event\": \"Unregistered WebSocket manager from real-time server logs\", \"logger\": \"app.api.proxy\", \"level\": \"info\", \"timestamp\": \"2025-06-28T14:50:40.831009Z\"}", "taskName": "Task-33"}
{"asctime": "2025-06-28 14:50:40,831", "name": "app.api.proxy", "levelname": "INFO", "message": "{\"extra\": {\"connection_id\": \"proxy-135177020413312\"}, \"event\": \"WebSocket\\u4ee3\\u7406\\u8fde\\u63a5\\u5df2\\u65ad\\u5f00: dashboard/ws\", \"logger\": \"app.api.proxy\", \"level\": \"info\", \"timestamp\": \"2025-06-28T14:50:40.831835Z\"}", "taskName": "Task-39"}
{"asctime": "2025-06-28 14:50:40,832", "name": "app.websocket.manager", "levelname": "INFO", "message": "{\"connection_id\": \"proxy-135177020413312\", \"connection_type\": \"dashboard\", \"event\": \"WebSocket connection removed\", \"logger\": \"app.websocket.manager\", \"level\": \"info\", \"timestamp\": \"2025-06-28T14:50:40.832353Z\"}", "taskName": "Task-39"}
INFO:     connection closed
INFO:     connection closed
{"asctime": "2025-06-28 14:50:40,834", "name": "app.core.client", "levelname": "INFO", "message": "{\"event\": \"Log monitoring task cancelled\", \"logger\": \"app.core.client\", \"level\": \"info\", \"timestamp\": \"2025-06-28T14:50:40.834138Z\"}", "taskName": "Task-37"}
INFO:     Waiting for application shutdown.
{"asctime": "2025-06-28 14:50:40,929", "name": "app.services.realtime_service", "levelname": "INFO", "message": "{\"event\": \"Stopping RealtimeService\", \"logger\": \"app.services.realtime_service\", \"level\": \"info\", \"timestamp\": \"2025-06-28T14:50:40.929404Z\"}", "taskName": "Task-2"}
{"asctime": "2025-06-28 14:50:40,930", "name": "app.services.realtime_service", "levelname": "INFO", "message": "{\"event\": \"RealtimeService stopped\", \"logger\": \"app.services.realtime_service\", \"level\": \"info\", \"timestamp\": \"2025-06-28T14:50:40.930368Z\"}", "taskName": "Task-2"}
{"asctime": "2025-06-28 14:50:40,930", "name": "app.core.client", "levelname": "INFO", "message": "{\"event\": \"Core client cleaned up\", \"logger\": \"app.core.client\", \"level\": \"info\", \"timestamp\": \"2025-06-28T14:50:40.930711Z\"}", "taskName": "Task-2"}
{"asctime": "2025-06-28 14:50:40,931", "name": "app.websocket.manager", "levelname": "INFO", "message": "{\"event\": \"Starting WebSocket manager cleanup\", \"logger\": \"app.websocket.manager\", \"level\": \"info\", \"timestamp\": \"2025-06-28T14:50:40.931098Z\"}", "taskName": "Task-2"}
{"asctime": "2025-06-28 14:50:40,931", "name": "app.websocket.manager", "levelname": "INFO", "message": "{\"event\": \"WebSocket manager cleanup completed\", \"logger\": \"app.websocket.manager\", \"level\": \"info\", \"timestamp\": \"2025-06-28T14:50:40.931533Z\"}", "taskName": "Task-2"}
INFO:     Application shutdown complete.
INFO:     Finished server process [245370]
INFO:     Started server process [252775]
INFO:     Waiting for application startup.
{"asctime": "2025-06-28 14:50:42,528", "name": "app.utils.logging", "levelname": "INFO", "message": "{\"level\": \"info\", \"file\": null, \"event\": \"Logging configured\", \"logger\": \"app.utils.logging\", \"timestamp\": \"2025-06-28T14:50:42.528309Z\"}", "taskName": "Task-2"}
{"asctime": "2025-06-28 14:50:42,528", "name": "app.core.client", "levelname": "INFO", "message": "{\"event\": \"Connected to real Aetherius Core via command queue\", \"logger\": \"app.core.client\", \"level\": \"info\", \"timestamp\": \"2025-06-28T14:50:42.528539Z\"}", "taskName": "Task-2"}
{"asctime": "2025-06-28 14:50:42,528", "name": "app.core.client", "levelname": "INFO", "message": "{\"event\": \"Core client initialized successfully\", \"logger\": \"app.core.client\", \"level\": \"info\", \"timestamp\": \"2025-06-28T14:50:42.528698Z\"}", "taskName": "Task-2"}
{"asctime": "2025-06-28 14:50:42,528", "name": "app.services.realtime_service", "levelname": "INFO", "message": "{\"event\": \"Starting RealtimeService\", \"logger\": \"app.services.realtime_service\", \"level\": \"info\", \"timestamp\": \"2025-06-28T14:50:42.528883Z\"}", "taskName": "Task-2"}
{"asctime": "2025-06-28 14:50:42,529", "name": "app.services.realtime_service", "levelname": "INFO", "message": "{\"event\": \"RealtimeService started successfully\", \"logger\": \"app.services.realtime_service\", \"level\": \"info\", \"timestamp\": \"2025-06-28T14:50:42.529055Z\"}", "taskName": "Task-2"}
{"asctime": "2025-06-28 14:50:42,529", "name": "app.services.realtime_service", "levelname": "INFO", "message": "{\"event\": \"Starting performance update loop\", \"logger\": \"app.services.realtime_service\", \"level\": \"info\", \"timestamp\": \"2025-06-28T14:50:42.529214Z\"}", "taskName": "Task-3"}
{"asctime": "2025-06-28 14:50:42,529", "name": "app.services.realtime_service", "levelname": "INFO", "message": "{\"event\": \"Starting status update loop\", \"logger\": \"app.services.realtime_service\", \"level\": \"info\", \"timestamp\": \"2025-06-28T14:50:42.529365Z\"}", "taskName": "Task-4"}
{"asctime": "2025-06-28 14:50:42,529", "name": "app.services.realtime_service", "levelname": "INFO", "message": "{\"event\": \"Starting summary update loop\", \"logger\": \"app.services.realtime_service\", \"level\": \"info\", \"timestamp\": \"2025-06-28T14:50:42.529512Z\"}", "taskName": "Task-5"}
INFO:     Application startup complete.
WARNING:  WatchFiles detected changes in 'app/main.py'. Reloading...
INFO:     Shutting down
INFO:     Waiting for application shutdown.
{"asctime": "2025-06-28 14:51:32,834", "name": "app.services.realtime_service", "levelname": "INFO", "message": "{\"event\": \"Stopping RealtimeService\", \"logger\": \"app.services.realtime_service\", \"level\": \"info\", \"timestamp\": \"2025-06-28T14:51:32.834706Z\"}", "taskName": "Task-2"}
{"asctime": "2025-06-28 14:51:32,835", "name": "app.services.realtime_service", "levelname": "INFO", "message": "{\"event\": \"RealtimeService stopped\", \"logger\": \"app.services.realtime_service\", \"level\": \"info\", \"timestamp\": \"2025-06-28T14:51:32.835099Z\"}", "taskName": "Task-2"}
{"asctime": "2025-06-28 14:51:32,835", "name": "app.core.client", "levelname": "INFO", "message": "{\"event\": \"Core client cleaned up\", \"logger\": \"app.core.client\", \"level\": \"info\", \"timestamp\": \"2025-06-28T14:51:32.835331Z\"}", "taskName": "Task-2"}
{"asctime": "2025-06-28 14:51:32,835", "name": "app.websocket.manager", "levelname": "INFO", "message": "{\"event\": \"Starting WebSocket manager cleanup\", \"logger\": \"app.websocket.manager\", \"level\": \"info\", \"timestamp\": \"2025-06-28T14:51:32.835607Z\"}", "taskName": "Task-2"}
INFO:     Application shutdown complete.
INFO:     Finished server process [252775]
INFO:     Started server process [253885]
INFO:     Waiting for application startup.
{"asctime": "2025-06-28 14:51:34,492", "name": "app.utils.logging", "levelname": "INFO", "message": "{\"level\": \"info\", \"file\": null, \"event\": \"Logging configured\", \"logger\": \"app.utils.logging\", \"timestamp\": \"2025-06-28T14:51:34.492324Z\"}", "taskName": "Task-2"}
{"asctime": "2025-06-28 14:51:34,492", "name": "app.core.client", "levelname": "INFO", "message": "{\"event\": \"Connected to real Aetherius Core via command queue\", \"logger\": \"app.core.client\", \"level\": \"info\", \"timestamp\": \"2025-06-28T14:51:34.492554Z\"}", "taskName": "Task-2"}
{"asctime": "2025-06-28 14:51:34,492", "name": "app.core.client", "levelname": "INFO", "message": "{\"event\": \"Core client initialized successfully\", \"logger\": \"app.core.client\", \"level\": \"info\", \"timestamp\": \"2025-06-28T14:51:34.492714Z\"}", "taskName": "Task-2"}
{"asctime": "2025-06-28 14:51:34,492", "name": "app.services.realtime_service", "levelname": "INFO", "message": "{\"event\": \"Starting RealtimeService\", \"logger\": \"app.services.realtime_service\", \"level\": \"info\", \"timestamp\": \"2025-06-28T14:51:34.492906Z\"}", "taskName": "Task-2"}
{"asctime": "2025-06-28 14:51:34,493", "name": "app.services.realtime_service", "levelname": "INFO", "message": "{\"event\": \"RealtimeService started successfully\", \"logger\": \"app.services.realtime_service\", \"level\": \"info\", \"timestamp\": \"2025-06-28T14:51:34.493065Z\"}", "taskName": "Task-2"}
{"asctime": "2025-06-28 14:51:34,493", "name": "app.services.realtime_service", "levelname": "INFO", "message": "{\"event\": \"Starting performance update loop\", \"logger\": \"app.services.realtime_service\", \"level\": \"info\", \"timestamp\": \"2025-06-28T14:51:34.493243Z\"}", "taskName": "Task-3"}
{"asctime": "2025-06-28 14:51:34,493", "name": "app.services.realtime_service", "levelname": "INFO", "message": "{\"event\": \"Starting status update loop\", \"logger\": \"app.services.realtime_service\", \"level\": \"info\", \"timestamp\": \"2025-06-28T14:51:34.493413Z\"}", "taskName": "Task-4"}
{"asctime": "2025-06-28 14:51:34,493", "name": "app.services.realtime_service", "levelname": "INFO", "message": "{\"event\": \"Starting summary update loop\", \"logger\": \"app.services.realtime_service\", \"level\": \"info\", \"timestamp\": \"2025-06-28T14:51:34.493565Z\"}", "taskName": "Task-5"}
INFO:     Application startup complete.
WARNING:  WatchFiles detected changes in 'run_server.py'. Reloading...
INFO:     Shutting down
INFO:     Waiting for application shutdown.
{"asctime": "2025-06-28 14:54:02,052", "name": "app.services.realtime_service", "levelname": "INFO", "message": "{\"event\": \"Stopping RealtimeService\", \"logger\": \"app.services.realtime_service\", \"level\": \"info\", \"timestamp\": \"2025-06-28T14:54:02.052246Z\"}", "taskName": "Task-2"}
{"asctime": "2025-06-28 14:54:02,053", "name": "app.services.realtime_service", "levelname": "INFO", "message": "{\"event\": \"RealtimeService stopped\", \"logger\": \"app.services.realtime_service\", \"level\": \"info\", \"timestamp\": \"2025-06-28T14:54:02.053347Z\"}", "taskName": "Task-2"}
{"asctime": "2025-06-28 14:54:02,054", "name": "app.core.client", "levelname": "INFO", "message": "{\"event\": \"Core client cleaned up\", \"logger\": \"app.core.client\", \"level\": \"info\", \"timestamp\": \"2025-06-28T14:54:02.054095Z\"}", "taskName": "Task-2"}
{"asctime": "2025-06-28 14:54:02,055", "name": "app.websocket.manager", "levelname": "INFO", "message": "{\"event\": \"Starting WebSocket manager cleanup\", \"logger\": \"app.websocket.manager\", \"level\": \"info\", \"timestamp\": \"2025-06-28T14:54:02.055183Z\"}", "taskName": "Task-2"}
INFO:     Application shutdown complete.
INFO:     Finished server process [253885]
INFO:     Started server process [255712]
INFO:     Waiting for application startup.
{"asctime": "2025-06-28 14:54:04,850", "name": "app.utils.logging", "levelname": "INFO", "message": "{\"level\": \"info\", \"file\": null, \"event\": \"Logging configured\", \"logger\": \"app.utils.logging\", \"timestamp\": \"2025-06-28T14:54:04.850021Z\"}", "taskName": "Task-2"}
{"asctime": "2025-06-28 14:54:04,850", "name": "app.core.client", "levelname": "INFO", "message": "{\"event\": \"Connected to real Aetherius Core via command queue\", \"logger\": \"app.core.client\", \"level\": \"info\", \"timestamp\": \"2025-06-28T14:54:04.850415Z\"}", "taskName": "Task-2"}
{"asctime": "2025-06-28 14:54:04,850", "name": "app.core.client", "levelname": "INFO", "message": "{\"event\": \"Core client initialized successfully\", \"logger\": \"app.core.client\", \"level\": \"info\", \"timestamp\": \"2025-06-28T14:54:04.850706Z\"}", "taskName": "Task-2"}
{"asctime": "2025-06-28 14:54:04,850", "name": "app.services.realtime_service", "levelname": "INFO", "message": "{\"event\": \"Starting RealtimeService\", \"logger\": \"app.services.realtime_service\", \"level\": \"info\", \"timestamp\": \"2025-06-28T14:54:04.850921Z\"}", "taskName": "Task-2"}
{"asctime": "2025-06-28 14:54:04,851", "name": "app.services.realtime_service", "levelname": "INFO", "message": "{\"event\": \"RealtimeService started successfully\", \"logger\": \"app.services.realtime_service\", \"level\": \"info\", \"timestamp\": \"2025-06-28T14:54:04.851340Z\"}", "taskName": "Task-2"}
{"asctime": "2025-06-28 14:54:04,851", "name": "app.services.realtime_service", "levelname": "INFO", "message": "{\"event\": \"Starting performance update loop\", \"logger\": \"app.services.realtime_service\", \"level\": \"info\", \"timestamp\": \"2025-06-28T14:54:04.851638Z\"}", "taskName": "Task-3"}
{"asctime": "2025-06-28 14:54:04,852", "name": "app.services.realtime_service", "levelname": "INFO", "message": "{\"event\": \"Starting status update loop\", \"logger\": \"app.services.realtime_service\", \"level\": \"info\", \"timestamp\": \"2025-06-28T14:54:04.851978Z\"}", "taskName": "Task-4"}
{"asctime": "2025-06-28 14:54:04,852", "name": "app.services.realtime_service", "levelname": "INFO", "message": "{\"event\": \"Starting summary update loop\", \"logger\": \"app.services.realtime_service\", \"level\": \"info\", \"timestamp\": \"2025-06-28T14:54:04.852283Z\"}", "taskName": "Task-5"}
INFO:     Application startup complete.
WARNING:  WatchFiles detected changes in 'app/api/console.py'. Reloading...
INFO:     Shutting down
INFO:     Waiting for application shutdown.
{"asctime": "2025-06-28 15:01:23,991", "name": "app.services.realtime_service", "levelname": "INFO", "message": "{\"event\": \"Stopping RealtimeService\", \"logger\": \"app.services.realtime_service\", \"level\": \"info\", \"timestamp\": \"2025-06-28T15:01:23.991079Z\"}", "taskName": "Task-2"}
{"asctime": "2025-06-28 15:01:23,991", "name": "app.services.realtime_service", "levelname": "INFO", "message": "{\"event\": \"RealtimeService stopped\", \"logger\": \"app.services.realtime_service\", \"level\": \"info\", \"timestamp\": \"2025-06-28T15:01:23.991676Z\"}", "taskName": "Task-2"}
{"asctime": "2025-06-28 15:01:23,992", "name": "app.core.client", "levelname": "INFO", "message": "{\"event\": \"Core client cleaned up\", \"logger\": \"app.core.client\", \"level\": \"info\", \"timestamp\": \"2025-06-28T15:01:23.992184Z\"}", "taskName": "Task-2"}
{"asctime": "2025-06-28 15:01:23,993", "name": "app.websocket.manager", "levelname": "INFO", "message": "{\"event\": \"Starting WebSocket manager cleanup\", \"logger\": \"app.websocket.manager\", \"level\": \"info\", \"timestamp\": \"2025-06-28T15:01:23.992799Z\"}", "taskName": "Task-2"}
INFO:     Application shutdown complete.
INFO:     Finished server process [255712]
INFO:     Started server process [263706]
INFO:     Waiting for application startup.
{"asctime": "2025-06-28 15:01:26,339", "name": "app.utils.logging", "levelname": "INFO", "message": "{\"level\": \"info\", \"file\": null, \"event\": \"Logging configured\", \"logger\": \"app.utils.logging\", \"timestamp\": \"2025-06-28T15:01:26.339494Z\"}", "taskName": "Task-2"}
{"asctime": "2025-06-28 15:01:26,339", "name": "app.core.client", "levelname": "INFO", "message": "{\"event\": \"Connected to real Aetherius Core via command queue\", \"logger\": \"app.core.client\", \"level\": \"info\", \"timestamp\": \"2025-06-28T15:01:26.339846Z\"}", "taskName": "Task-2"}
{"asctime": "2025-06-28 15:01:26,340", "name": "app.core.client", "levelname": "INFO", "message": "{\"event\": \"Core client initialized successfully\", \"logger\": \"app.core.client\", \"level\": \"info\", \"timestamp\": \"2025-06-28T15:01:26.340117Z\"}", "taskName": "Task-2"}
{"asctime": "2025-06-28 15:01:26,340", "name": "app.services.realtime_service", "levelname": "INFO", "message": "{\"event\": \"Starting RealtimeService\", \"logger\": \"app.services.realtime_service\", \"level\": \"info\", \"timestamp\": \"2025-06-28T15:01:26.340378Z\"}", "taskName": "Task-2"}
{"asctime": "2025-06-28 15:01:26,340", "name": "app.services.realtime_service", "levelname": "INFO", "message": "{\"event\": \"RealtimeService started successfully\", \"logger\": \"app.services.realtime_service\", \"level\": \"info\", \"timestamp\": \"2025-06-28T15:01:26.340582Z\"}", "taskName": "Task-2"}
{"asctime": "2025-06-28 15:01:26,340", "name": "app.services.realtime_service", "levelname": "INFO", "message": "{\"event\": \"Starting performance update loop\", \"logger\": \"app.services.realtime_service\", \"level\": \"info\", \"timestamp\": \"2025-06-28T15:01:26.340816Z\"}", "taskName": "Task-3"}
{"asctime": "2025-06-28 15:01:26,341", "name": "app.services.realtime_service", "levelname": "INFO", "message": "{\"event\": \"Starting status update loop\", \"logger\": \"app.services.realtime_service\", \"level\": \"info\", \"timestamp\": \"2025-06-28T15:01:26.341036Z\"}", "taskName": "Task-4"}
{"asctime": "2025-06-28 15:01:26,341", "name": "app.services.realtime_service", "levelname": "INFO", "message": "{\"event\": \"Starting summary update loop\", \"logger\": \"app.services.realtime_service\", \"level\": \"info\", \"timestamp\": \"2025-06-28T15:01:26.341243Z\"}", "taskName": "Task-5"}
INFO:     Application startup complete.
WARNING:  WatchFiles detected changes in 'app/api/dashboard.py'. Reloading...
INFO:     Shutting down
INFO:     Waiting for application shutdown.
{"asctime": "2025-06-28 15:02:11,620", "name": "app.services.realtime_service", "levelname": "INFO", "message": "{\"event\": \"Stopping RealtimeService\", \"logger\": \"app.services.realtime_service\", \"level\": \"info\", \"timestamp\": \"2025-06-28T15:02:11.620445Z\"}", "taskName": "Task-2"}
{"asctime": "2025-06-28 15:02:11,620", "name": "app.services.realtime_service", "levelname": "INFO", "message": "{\"event\": \"RealtimeService stopped\", \"logger\": \"app.services.realtime_service\", \"level\": \"info\", \"timestamp\": \"2025-06-28T15:02:11.620726Z\"}", "taskName": "Task-2"}
{"asctime": "2025-06-28 15:02:11,621", "name": "app.core.client", "levelname": "INFO", "message": "{\"event\": \"Core client cleaned up\", \"logger\": \"app.core.client\", \"level\": \"info\", \"timestamp\": \"2025-06-28T15:02:11.621244Z\"}", "taskName": "Task-2"}
{"asctime": "2025-06-28 15:02:11,621", "name": "app.websocket.manager", "levelname": "INFO", "message": "{\"event\": \"Starting WebSocket manager cleanup\", \"logger\": \"app.websocket.manager\", \"level\": \"info\", \"timestamp\": \"2025-06-28T15:02:11.621744Z\"}", "taskName": "Task-2"}
INFO:     Application shutdown complete.
INFO:     Finished server process [263706]
WARNING:  WatchFiles detected changes in 'app/api/proxy.py', 'app/api/files.py', 'app/api/players.py'. Reloading...
INFO:     Started server process [264243]
INFO:     Waiting for application startup.
{"asctime": "2025-06-28 15:02:14,773", "name": "app.utils.logging", "levelname": "INFO", "message": "{\"level\": \"info\", \"file\": null, \"event\": \"Logging configured\", \"logger\": \"app.utils.logging\", \"timestamp\": \"2025-06-28T15:02:14.773130Z\"}", "taskName": "Task-2"}
{"asctime": "2025-06-28 15:02:14,773", "name": "app.core.client", "levelname": "INFO", "message": "{\"event\": \"Connected to real Aetherius Core via command queue\", \"logger\": \"app.core.client\", \"level\": \"info\", \"timestamp\": \"2025-06-28T15:02:14.773556Z\"}", "taskName": "Task-2"}
{"asctime": "2025-06-28 15:02:14,773", "name": "app.core.client", "levelname": "INFO", "message": "{\"event\": \"Core client initialized successfully\", \"logger\": \"app.core.client\", \"level\": \"info\", \"timestamp\": \"2025-06-28T15:02:14.773898Z\"}", "taskName": "Task-2"}
{"asctime": "2025-06-28 15:02:14,774", "name": "app.services.realtime_service", "levelname": "INFO", "message": "{\"event\": \"Starting RealtimeService\", \"logger\": \"app.services.realtime_service\", \"level\": \"info\", \"timestamp\": \"2025-06-28T15:02:14.774231Z\"}", "taskName": "Task-2"}
{"asctime": "2025-06-28 15:02:14,774", "name": "app.services.realtime_service", "levelname": "INFO", "message": "{\"event\": \"RealtimeService started successfully\", \"logger\": \"app.services.realtime_service\", \"level\": \"info\", \"timestamp\": \"2025-06-28T15:02:14.774504Z\"}", "taskName": "Task-2"}
{"asctime": "2025-06-28 15:02:14,774", "name": "app.services.realtime_service", "levelname": "INFO", "message": "{\"event\": \"Starting performance update loop\", \"logger\": \"app.services.realtime_service\", \"level\": \"info\", \"timestamp\": \"2025-06-28T15:02:14.774800Z\"}", "taskName": "Task-3"}
{"asctime": "2025-06-28 15:02:14,775", "name": "app.services.realtime_service", "levelname": "INFO", "message": "{\"event\": \"Starting status update loop\", \"logger\": \"app.services.realtime_service\", \"level\": \"info\", \"timestamp\": \"2025-06-28T15:02:14.775134Z\"}", "taskName": "Task-4"}
{"asctime": "2025-06-28 15:02:14,775", "name": "app.services.realtime_service", "levelname": "INFO", "message": "{\"event\": \"Starting summary update loop\", \"logger\": \"app.services.realtime_service\", \"level\": \"info\", \"timestamp\": \"2025-06-28T15:02:14.775449Z\"}", "taskName": "Task-5"}
INFO:     Application startup complete.
INFO:     Shutting down
INFO:     Waiting for application shutdown.
{"asctime": "2025-06-28 15:03:51,671", "name": "app.services.realtime_service", "levelname": "INFO", "message": "{\"event\": \"Stopping RealtimeService\", \"logger\": \"app.services.realtime_service\", \"level\": \"info\", \"timestamp\": \"2025-06-28T15:03:51.671705Z\"}", "taskName": "Task-2"}
{"asctime": "2025-06-28 15:03:51,672", "name": "app.services.realtime_service", "levelname": "INFO", "message": "{\"event\": \"RealtimeService stopped\", \"logger\": \"app.services.realtime_service\", \"level\": \"info\", \"timestamp\": \"2025-06-28T15:03:51.672050Z\"}", "taskName": "Task-2"}
{"asctime": "2025-06-28 15:03:51,672", "name": "app.core.client", "levelname": "INFO", "message": "{\"event\": \"Core client cleaned up\", \"logger\": \"app.core.client\", \"level\": \"info\", \"timestamp\": \"2025-06-28T15:03:51.672455Z\"}", "taskName": "Task-2"}
{"asctime": "2025-06-28 15:03:51,674", "name": "app.websocket.manager", "levelname": "INFO", "message": "{\"event\": \"Starting WebSocket manager cleanup\", \"logger\": \"app.websocket.manager\", \"level\": \"info\", \"timestamp\": \"2025-06-28T15:03:51.674006Z\"}", "taskName": "Task-2"}
INFO:     Application shutdown complete.
INFO:     Finished server process [264243]
INFO:     Stopping reloader process [245361]
