2025-07-02 08:38:28,068 - __main__ - INFO - Starting WebConsole component...
2025-07-02 08:38:29,446 - __main__ - INFO - WebConsole server starting on http://0.0.0.0:8080
2025-07-02 08:38:29,469 - app.main - INFO - Starting WebConsole application...
2025-07-02 08:52:18,385 - __main__ - INFO - Starting WebConsole component...
2025-07-02 08:52:19,380 - __main__ - INFO - WebConsole server starting on http://0.0.0.0:8000
2025-07-02 08:52:19,398 - app.main - INFO - Starting WebConsole application...
2025-07-02 08:52:57,274 - __main__ - INFO - Starting WebConsole component...
2025-07-02 08:52:59,618 - __main__ - INFO - WebConsole server starting on http://0.0.0.0:8000
2025-07-02 08:52:59,646 - app.main - INFO - Starting WebConsole application...
2025-07-02 09:25:28,175 - __main__ - INFO - === WebConsole Component Launcher ===
2025-07-02 09:25:28,175 - __main__ - INFO - Frontend only: False
2025-07-02 09:25:28,176 - __main__ - INFO - Backend only: False
2025-07-02 09:25:28,176 - __main__ - INFO - Max retries: 3
2025-07-02 09:25:28,176 - __main__ - INFO - Retry delay: 5s
2025-07-02 09:25:28,176 - __main__ - INFO - Starting WebConsole component (attempt 1/3)...
2025-07-02 09:25:28,176 - __main__ - INFO - Checking prerequisites...
2025-07-02 09:25:28,176 - __main__ - INFO - Starting frontend development server...
2025-07-02 09:25:31,177 - __main__ - INFO - Frontend development server started successfully
2025-07-02 09:25:31,177 - __main__ - INFO - Starting backend server...
2025-07-02 09:25:32,252 - __main__ - INFO - Backend server starting on http://0.0.0.0:8000
2025-07-02 09:25:32,253 - __main__ - INFO - WebConsole component started successfully!
2025-07-02 09:25:32,253 - __main__ - INFO - Frontend: http://localhost:3000
2025-07-02 09:25:32,253 - __main__ - INFO - Backend API: http://localhost:8000
2025-07-02 09:25:32,294 - app.main - INFO - Starting WebConsole application...
2025-07-02 09:33:30,574 - __main__ - INFO - === WebConsole Component Launcher ===
2025-07-02 09:33:30,575 - __main__ - INFO - Frontend only: False
2025-07-02 09:33:30,575 - __main__ - INFO - Backend only: False
2025-07-02 09:33:30,575 - __main__ - INFO - Max retries: 3
2025-07-02 09:33:30,575 - __main__ - INFO - Retry delay: 5s
2025-07-02 09:33:30,575 - __main__ - INFO - Starting WebConsole component (attempt 1/3)...
2025-07-02 09:33:30,575 - __main__ - INFO - Checking prerequisites...
2025-07-02 09:33:30,575 - __main__ - INFO - Starting frontend development server...
2025-07-02 09:33:33,580 - __main__ - INFO - Frontend development server started successfully
2025-07-02 09:33:33,580 - __main__ - INFO - Starting backend server...
2025-07-02 09:33:34,427 - __main__ - INFO - Backend server starting on http://0.0.0.0:8000
2025-07-02 09:33:34,427 - __main__ - INFO - WebConsole component started successfully!
2025-07-02 09:33:34,427 - __main__ - INFO - Frontend: http://localhost:3000
2025-07-02 09:33:34,427 - __main__ - INFO - Backend API: http://localhost:8000
2025-07-02 09:33:34,476 - app.main - INFO - Starting WebConsole application...
2025-07-02 09:35:03,545 - __main__ - INFO - === WebConsole Component Launcher ===
2025-07-02 09:35:03,545 - __main__ - INFO - Frontend only: False
2025-07-02 09:35:03,545 - __main__ - INFO - Backend only: False
2025-07-02 09:35:03,545 - __main__ - INFO - Max retries: 3
2025-07-02 09:35:03,545 - __main__ - INFO - Retry delay: 5s
2025-07-02 09:35:03,545 - __main__ - INFO - Starting WebConsole component (attempt 1/3)...
2025-07-02 09:35:03,545 - __main__ - INFO - Checking prerequisites...
2025-07-02 09:35:03,546 - __main__ - INFO - Starting frontend development server...
2025-07-02 09:35:06,547 - __main__ - INFO - Frontend development server started successfully
2025-07-02 09:35:06,547 - __main__ - INFO - Starting backend server...
2025-07-02 09:35:07,469 - __main__ - INFO - Backend server starting on http://0.0.0.0:8000
2025-07-02 09:35:07,469 - __main__ - INFO - WebConsole component started successfully!
2025-07-02 09:35:07,469 - __main__ - INFO - Frontend: http://localhost:3000
2025-07-02 09:35:07,470 - __main__ - INFO - Backend API: http://localhost:8000
2025-07-02 09:35:07,509 - app.main - INFO - Starting WebConsole application...
2025-07-02 09:57:30,888 - __main__ - INFO - === WebConsole Component Launcher ===
2025-07-02 09:57:30,890 - __main__ - INFO - Frontend only: False
2025-07-02 09:57:30,890 - __main__ - INFO - Backend only: False
2025-07-02 09:57:30,890 - __main__ - INFO - Max retries: 3
2025-07-02 09:57:30,890 - __main__ - INFO - Retry delay: 5s
2025-07-02 09:57:30,890 - __main__ - INFO - Starting WebConsole component (attempt 1/3)...
2025-07-02 09:57:30,890 - __main__ - INFO - Checking prerequisites...
2025-07-02 09:57:30,891 - __main__ - INFO - Starting frontend development server...
2025-07-02 09:57:33,897 - __main__ - INFO - Frontend development server started successfully
2025-07-02 09:57:33,899 - __main__ - INFO - Starting backend server...
2025-07-02 09:57:36,030 - __main__ - INFO - Backend server starting on http://0.0.0.0:8000
2025-07-02 09:57:36,033 - __main__ - INFO - WebConsole component started successfully!
2025-07-02 09:57:36,033 - __main__ - INFO - Frontend: http://localhost:3000
2025-07-02 09:57:36,033 - __main__ - INFO - Backend API: http://localhost:8000
2025-07-02 09:57:36,129 - app.main - INFO - Starting WebConsole application...
