INFO:     Will watch for changes in these directories: ['/workspaces/aetheriusmc.github.io/Aetherius-Core/components/ComponentWeb/backend']
INFO:     Uvicorn running on http://0.0.0.0:8080 (Press CTRL+C to quit)
INFO:     Started reloader process [439478] using WatchFiles
INFO:     Started server process [439481]
INFO:     Waiting for application startup.
{"asctime": "2025-06-28 18:31:28,860", "name": "app.utils.logging", "levelname": "INFO", "message": "{\"level\": \"info\", \"file\": null, \"event\": \"Logging configured\", \"logger\": \"app.utils.logging\", \"timestamp\": \"2025-06-28T18:31:28.860034Z\"}", "taskName": "Task-2"}
{"asctime": "2025-06-28 18:31:28,860", "name": "app.core.client", "levelname": "INFO", "message": "{\"event\": \"Connected to real Aetherius Core via command queue\", \"logger\": \"app.core.client\", \"level\": \"info\", \"timestamp\": \"2025-06-28T18:31:28.860546Z\"}", "taskName": "Task-2"}
{"asctime": "2025-06-28 18:31:28,861", "name": "app.core.client", "levelname": "INFO", "message": "{\"event\": \"Core client initialized successfully\", \"logger\": \"app.core.client\", \"level\": \"info\", \"timestamp\": \"2025-06-28T18:31:28.860980Z\"}", "taskName": "Task-2"}
{"asctime": "2025-06-28 18:31:28,861", "name": "app.services.realtime_service", "levelname": "INFO", "message": "{\"event\": \"Starting RealtimeService\", \"logger\": \"app.services.realtime_service\", \"level\": \"info\", \"timestamp\": \"2025-06-28T18:31:28.861391Z\"}", "taskName": "Task-2"}
{"asctime": "2025-06-28 18:31:28,861", "name": "app.services.realtime_service", "levelname": "INFO", "message": "{\"event\": \"RealtimeService started successfully\", \"logger\": \"app.services.realtime_service\", \"level\": \"info\", \"timestamp\": \"2025-06-28T18:31:28.861832Z\"}", "taskName": "Task-2"}
{"asctime": "2025-06-28 18:31:28,862", "name": "app.services.realtime_service", "levelname": "INFO", "message": "{\"event\": \"Starting performance update loop\", \"logger\": \"app.services.realtime_service\", \"level\": \"info\", \"timestamp\": \"2025-06-28T18:31:28.862250Z\"}", "taskName": "Task-3"}
{"asctime": "2025-06-28 18:31:28,862", "name": "app.services.realtime_service", "levelname": "INFO", "message": "{\"event\": \"Starting status update loop\", \"logger\": \"app.services.realtime_service\", \"level\": \"info\", \"timestamp\": \"2025-06-28T18:31:28.862665Z\"}", "taskName": "Task-4"}
{"asctime": "2025-06-28 18:31:28,863", "name": "app.services.realtime_service", "levelname": "INFO", "message": "{\"event\": \"Starting summary update loop\", \"logger\": \"app.services.realtime_service\", \"level\": \"info\", \"timestamp\": \"2025-06-28T18:31:28.863101Z\"}", "taskName": "Task-5"}
INFO:     Application startup complete.
INFO:     ('5.34.218.160', 0) - "WebSocket /api/v1/ws-proxy/dashboard/ws" [accepted]
{"asctime": "2025-06-28 18:32:01,799", "name": "app.api.proxy", "levelname": "INFO", "message": "{\"extra\": {\"connection_id\": \"proxy-134308909198192\"}, \"event\": \"WebSocket\\u4ee3\\u7406\\u8fde\\u63a5\\u5df2\\u5efa\\u7acb: dashboard/ws\", \"logger\": \"app.api.proxy\", \"level\": \"info\", \"timestamp\": \"2025-06-28T18:32:01.799006Z\"}", "taskName": "Task-9"}
INFO:     connection open
INFO:     ('5.34.218.160', 0) - "WebSocket /api/v1/ws-proxy/console/ws" [accepted]
{"asctime": "2025-06-28 18:32:03,746", "name": "app.api.proxy", "levelname": "INFO", "message": "{\"extra\": {\"connection_id\": \"proxy-134308909200688\"}, \"event\": \"WebSocket\\u4ee3\\u7406\\u8fde\\u63a5\\u5df2\\u5efa\\u7acb: console/ws\", \"logger\": \"app.api.proxy\", \"level\": \"info\", \"timestamp\": \"2025-06-28T18:32:03.746400Z\"}", "taskName": "Task-15"}
INFO:     connection open
{"asctime": "2025-06-28 18:32:03,750", "name": "app.core.client", "levelname": "INFO", "message": "{\"event\": \"WebSocket manager registered for real-time logs\", \"logger\": \"app.core.client\", \"level\": \"info\", \"timestamp\": \"2025-06-28T18:32:03.749970Z\"}", "taskName": "Task-15"}
{"asctime": "2025-06-28 18:32:03,750", "name": "app.api.proxy", "levelname": "INFO", "message": "{\"event\": \"Registered WebSocket manager for real-time server logs\", \"logger\": \"app.api.proxy\", \"level\": \"info\", \"timestamp\": \"2025-06-28T18:32:03.750412Z\"}", "taskName": "Task-15"}
{"asctime": "2025-06-28 18:32:03,752", "name": "app.core.client", "levelname": "INFO", "message": "{\"event\": \"Starting real-time log monitoring\", \"logger\": \"app.core.client\", \"level\": \"info\", \"timestamp\": \"2025-06-28T18:32:03.752163Z\"}", "taskName": "Task-19"}
{"asctime": "2025-06-28 18:32:03,896", "name": "app.core.client", "levelname": "INFO", "message": "{\"event\": \"Found Minecraft server process: PID 435056\", \"logger\": \"app.core.client\", \"level\": \"info\", \"timestamp\": \"2025-06-28T18:32:03.896197Z\"}", "taskName": "Task-3"}
{"asctime": "2025-06-28 18:32:03,942", "name": "app.api.proxy", "levelname": "INFO", "message": "{\"extra\": {\"connection_id\": \"proxy-134308909198192\"}, \"event\": \"WebSocket\\u4ee3\\u7406\\u8fde\\u63a5\\u5df2\\u65ad\\u5f00: dashboard/ws\", \"logger\": \"app.api.proxy\", \"level\": \"info\", \"timestamp\": \"2025-06-28T18:32:03.942219Z\"}", "taskName": "Task-9"}
{"asctime": "2025-06-28 18:32:03,942", "name": "app.websocket.manager", "levelname": "INFO", "message": "{\"connection_id\": \"proxy-134308909198192\", \"connection_type\": \"dashboard\", \"event\": \"WebSocket connection removed\", \"logger\": \"app.websocket.manager\", \"level\": \"info\", \"timestamp\": \"2025-06-28T18:32:03.942452Z\"}", "taskName": "Task-9"}
INFO:     connection closed
{"asctime": "2025-06-28 18:32:04,066", "name": "app.api.proxy", "levelname": "INFO", "message": "{\"extra\": {\"connection_id\": \"proxy-134308909200688\"}, \"event\": \"WebSocket\\u4ee3\\u7406\\u8fde\\u63a5\\u5df2\\u65ad\\u5f00: console/ws\", \"logger\": \"app.api.proxy\", \"level\": \"info\", \"timestamp\": \"2025-06-28T18:32:04.066585Z\"}", "taskName": "Task-15"}
{"asctime": "2025-06-28 18:32:04,067", "name": "app.websocket.manager", "levelname": "INFO", "message": "{\"connection_id\": \"proxy-134308909200688\", \"connection_type\": \"console\", \"event\": \"WebSocket connection removed\", \"logger\": \"app.websocket.manager\", \"level\": \"info\", \"timestamp\": \"2025-06-28T18:32:04.067566Z\"}", "taskName": "Task-15"}
{"asctime": "2025-06-28 18:32:04,067", "name": "app.core.client", "levelname": "INFO", "message": "{\"event\": \"WebSocket manager unregistered from real-time logs\", \"logger\": \"app.core.client\", \"level\": \"info\", \"timestamp\": \"2025-06-28T18:32:04.067777Z\"}", "taskName": "Task-15"}
{"asctime": "2025-06-28 18:32:04,068", "name": "app.api.proxy", "levelname": "INFO", "message": "{\"event\": \"Unregistered WebSocket manager from real-time server logs\", \"logger\": \"app.api.proxy\", \"level\": \"info\", \"timestamp\": \"2025-06-28T18:32:04.067977Z\"}", "taskName": "Task-15"}
INFO:     connection closed
{"asctime": "2025-06-28 18:32:04,069", "name": "app.core.client", "levelname": "INFO", "message": "{\"event\": \"Log monitoring task cancelled\", \"logger\": \"app.core.client\", \"level\": \"info\", \"timestamp\": \"2025-06-28T18:32:04.069943Z\"}", "taskName": "Task-19"}
INFO:     ('5.34.218.160', 0) - "WebSocket /api/v1/ws-proxy/dashboard/ws" [accepted]
{"asctime": "2025-06-28 18:32:08,648", "name": "app.api.proxy", "levelname": "INFO", "message": "{\"extra\": {\"connection_id\": \"proxy-134308907810736\"}, \"event\": \"WebSocket\\u4ee3\\u7406\\u8fde\\u63a5\\u5df2\\u5efa\\u7acb: dashboard/ws\", \"logger\": \"app.api.proxy\", \"level\": \"info\", \"timestamp\": \"2025-06-28T18:32:08.648741Z\"}", "taskName": "Task-22"}
INFO:     connection open
{"asctime": "2025-06-28 18:32:08,939", "name": "app.core.client", "levelname": "INFO", "message": "{\"event\": \"Found Minecraft server process: PID 435056\", \"logger\": \"app.core.client\", \"level\": \"info\", \"timestamp\": \"2025-06-28T18:32:08.939033Z\"}", "taskName": "Task-3"}
INFO:     ('5.34.218.160', 0) - "WebSocket /api/v1/ws-proxy/console/ws" [accepted]
{"asctime": "2025-06-28 18:32:08,955", "name": "app.api.proxy", "levelname": "INFO", "message": "{\"extra\": {\"connection_id\": \"proxy-134308907981600\"}, \"event\": \"WebSocket\\u4ee3\\u7406\\u8fde\\u63a5\\u5df2\\u5efa\\u7acb: console/ws\", \"logger\": \"app.api.proxy\", \"level\": \"info\", \"timestamp\": \"2025-06-28T18:32:08.955337Z\"}", "taskName": "Task-28"}
INFO:     connection open
{"asctime": "2025-06-28 18:32:08,958", "name": "app.core.client", "levelname": "INFO", "message": "{\"event\": \"WebSocket manager registered for real-time logs\", \"logger\": \"app.core.client\", \"level\": \"info\", \"timestamp\": \"2025-06-28T18:32:08.958134Z\"}", "taskName": "Task-28"}
{"asctime": "2025-06-28 18:32:08,958", "name": "app.api.proxy", "levelname": "INFO", "message": "{\"event\": \"Registered WebSocket manager for real-time server logs\", \"logger\": \"app.api.proxy\", \"level\": \"info\", \"timestamp\": \"2025-06-28T18:32:08.958330Z\"}", "taskName": "Task-28"}
{"asctime": "2025-06-28 18:32:08,960", "name": "app.core.client", "levelname": "INFO", "message": "{\"event\": \"Starting real-time log monitoring\", \"logger\": \"app.core.client\", \"level\": \"info\", \"timestamp\": \"2025-06-28T18:32:08.960095Z\"}", "taskName": "Task-32"}
{"asctime": "2025-06-28 18:32:13,960", "name": "app.core.client", "levelname": "INFO", "message": "{\"event\": \"Found Minecraft server process: PID 435056\", \"logger\": \"app.core.client\", \"level\": \"info\", \"timestamp\": \"2025-06-28T18:32:13.960065Z\"}", "taskName": "Task-3"}
{"asctime": "2025-06-28 18:32:18,979", "name": "app.core.client", "levelname": "INFO", "message": "{\"event\": \"Found Minecraft server process: PID 435056\", \"logger\": \"app.core.client\", \"level\": \"info\", \"timestamp\": \"2025-06-28T18:32:18.979024Z\"}", "taskName": "Task-3"}
{"asctime": "2025-06-28 18:32:20,146", "name": "app.api.proxy", "levelname": "INFO", "message": "{\"extra\": {\"connection_id\": \"proxy-134308907810736\"}, \"event\": \"WebSocket\\u4ee3\\u7406\\u8fde\\u63a5\\u5df2\\u65ad\\u5f00: dashboard/ws\", \"logger\": \"app.api.proxy\", \"level\": \"info\", \"timestamp\": \"2025-06-28T18:32:20.146453Z\"}", "taskName": "Task-22"}
{"asctime": "2025-06-28 18:32:20,147", "name": "app.websocket.manager", "levelname": "INFO", "message": "{\"connection_id\": \"proxy-134308907810736\", \"connection_type\": \"dashboard\", \"event\": \"WebSocket connection removed\", \"logger\": \"app.websocket.manager\", \"level\": \"info\", \"timestamp\": \"2025-06-28T18:32:20.147396Z\"}", "taskName": "Task-22"}
INFO:     connection closed
{"asctime": "2025-06-28 18:32:20,155", "name": "app.api.proxy", "levelname": "INFO", "message": "{\"extra\": {\"connection_id\": \"proxy-134308907981600\"}, \"event\": \"WebSocket\\u4ee3\\u7406\\u8fde\\u63a5\\u5df2\\u65ad\\u5f00: console/ws\", \"logger\": \"app.api.proxy\", \"level\": \"info\", \"timestamp\": \"2025-06-28T18:32:20.153805Z\"}", "taskName": "Task-28"}
{"asctime": "2025-06-28 18:32:20,155", "name": "app.websocket.manager", "levelname": "INFO", "message": "{\"connection_id\": \"proxy-134308907981600\", \"connection_type\": \"console\", \"event\": \"WebSocket connection removed\", \"logger\": \"app.websocket.manager\", \"level\": \"info\", \"timestamp\": \"2025-06-28T18:32:20.155430Z\"}", "taskName": "Task-28"}
{"asctime": "2025-06-28 18:32:20,155", "name": "app.core.client", "levelname": "INFO", "message": "{\"event\": \"WebSocket manager unregistered from real-time logs\", \"logger\": \"app.core.client\", \"level\": \"info\", \"timestamp\": \"2025-06-28T18:32:20.155742Z\"}", "taskName": "Task-28"}
{"asctime": "2025-06-28 18:32:20,156", "name": "app.api.proxy", "levelname": "INFO", "message": "{\"event\": \"Unregistered WebSocket manager from real-time server logs\", \"logger\": \"app.api.proxy\", \"level\": \"info\", \"timestamp\": \"2025-06-28T18:32:20.156574Z\"}", "taskName": "Task-28"}
INFO:     connection closed
{"asctime": "2025-06-28 18:32:20,157", "name": "app.core.client", "levelname": "INFO", "message": "{\"event\": \"Log monitoring task cancelled\", \"logger\": \"app.core.client\", \"level\": \"info\", \"timestamp\": \"2025-06-28T18:32:20.157250Z\"}", "taskName": "Task-32"}
INFO:     ('5.34.218.160', 0) - "WebSocket /api/v1/ws-proxy/console/ws" [accepted]
{"asctime": "2025-06-28 18:32:24,086", "name": "app.api.proxy", "levelname": "INFO", "message": "{\"extra\": {\"connection_id\": \"proxy-134308907983136\"}, \"event\": \"WebSocket\\u4ee3\\u7406\\u8fde\\u63a5\\u5df2\\u5efa\\u7acb: console/ws\", \"logger\": \"app.api.proxy\", \"level\": \"info\", \"timestamp\": \"2025-06-28T18:32:24.085953Z\"}", "taskName": "Task-36"}
INFO:     connection open
{"asctime": "2025-06-28 18:32:24,087", "name": "app.core.client", "levelname": "INFO", "message": "{\"event\": \"WebSocket manager registered for real-time logs\", \"logger\": \"app.core.client\", \"level\": \"info\", \"timestamp\": \"2025-06-28T18:32:24.087403Z\"}", "taskName": "Task-36"}
{"asctime": "2025-06-28 18:32:24,087", "name": "app.api.proxy", "levelname": "INFO", "message": "{\"event\": \"Registered WebSocket manager for real-time server logs\", \"logger\": \"app.api.proxy\", \"level\": \"info\", \"timestamp\": \"2025-06-28T18:32:24.087635Z\"}", "taskName": "Task-36"}
{"asctime": "2025-06-28 18:32:24,088", "name": "app.core.client", "levelname": "INFO", "message": "{\"event\": \"Starting real-time log monitoring\", \"logger\": \"app.core.client\", \"level\": \"info\", \"timestamp\": \"2025-06-28T18:32:24.088177Z\"}", "taskName": "Task-40"}
INFO:     ('5.34.218.160', 0) - "WebSocket /api/v1/ws-proxy/dashboard/ws" [accepted]
{"asctime": "2025-06-28 18:32:25,440", "name": "app.api.proxy", "levelname": "INFO", "message": "{\"extra\": {\"connection_id\": \"proxy-134308907990576\"}, \"event\": \"WebSocket\\u4ee3\\u7406\\u8fde\\u63a5\\u5df2\\u5efa\\u7acb: dashboard/ws\", \"logger\": \"app.api.proxy\", \"level\": \"info\", \"timestamp\": \"2025-06-28T18:32:25.440744Z\"}", "taskName": "Task-42"}
INFO:     connection open
{"asctime": "2025-06-28 18:32:28,870", "name": "app.core.client", "levelname": "INFO", "message": "{\"event\": \"Found Minecraft server process: PID 435056\", \"logger\": \"app.core.client\", \"level\": \"info\", \"timestamp\": \"2025-06-28T18:32:28.870508Z\"}", "taskName": "Task-46"}
{"asctime": "2025-06-28 18:32:28,873", "name": "app.core.client", "levelname": "INFO", "message": "{\"event\": \"Command 'list' (type: CHAT) queued for execution\", \"logger\": \"app.core.client\", \"level\": \"info\", \"timestamp\": \"2025-06-28T18:32:28.873280Z\"}", "taskName": "Task-47"}
{"asctime": "2025-06-28 18:32:28,873", "name": "app.core.client", "levelname": "INFO", "message": "{\"event\": \"Routing command 'list' to CHAT backend\", \"logger\": \"app.core.client\", \"level\": \"info\", \"timestamp\": \"2025-06-28T18:32:28.873784Z\"}", "taskName": "Task-48"}
{"asctime": "2025-06-28 18:32:28,874", "name": "app.core.client", "levelname": "INFO", "message": "{\"event\": \"Executing chat message: list\", \"logger\": \"app.core.client\", \"level\": \"info\", \"timestamp\": \"2025-06-28T18:32:28.874099Z\"}", "taskName": "Task-48"}
{"asctime": "2025-06-28 18:32:28,874", "name": "app.core.client", "levelname": "INFO", "message": "{\"event\": \"Starting direct communication for command: say list\", \"logger\": \"app.core.client\", \"level\": \"info\", \"timestamp\": \"2025-06-28T18:32:28.874505Z\"}", "taskName": "Task-48"}
{"asctime": "2025-06-28 18:32:28,879", "name": "app.core.client", "levelname": "INFO", "message": "{\"event\": \"Found server process: PID 435056\", \"logger\": \"app.core.client\", \"level\": \"info\", \"timestamp\": \"2025-06-28T18:32:28.879897Z\"}", "taskName": "Task-48"}
{"asctime": "2025-06-28 18:32:34,012", "name": "app.core.client", "levelname": "INFO", "message": "{\"event\": \"Found Minecraft server process: PID 435056\", \"logger\": \"app.core.client\", \"level\": \"info\", \"timestamp\": \"2025-06-28T18:32:34.011937Z\"}", "taskName": "Task-3"}
{"asctime": "2025-06-28 18:32:39,030", "name": "app.core.client", "levelname": "INFO", "message": "{\"event\": \"Found Minecraft server process: PID 435056\", \"logger\": \"app.core.client\", \"level\": \"info\", \"timestamp\": \"2025-06-28T18:32:39.030837Z\"}", "taskName": "Task-3"}
{"asctime": "2025-06-28 18:32:44,049", "name": "app.core.client", "levelname": "INFO", "message": "{\"event\": \"Found Minecraft server process: PID 435056\", \"logger\": \"app.core.client\", \"level\": \"info\", \"timestamp\": \"2025-06-28T18:32:44.049568Z\"}", "taskName": "Task-3"}
{"asctime": "2025-06-28 18:32:49,068", "name": "app.core.client", "levelname": "INFO", "message": "{\"event\": \"Found Minecraft server process: PID 435056\", \"logger\": \"app.core.client\", \"level\": \"info\", \"timestamp\": \"2025-06-28T18:32:49.068762Z\"}", "taskName": "Task-3"}
{"asctime": "2025-06-28 18:32:54,091", "name": "app.core.client", "levelname": "INFO", "message": "{\"event\": \"Found Minecraft server process: PID 435056\", \"logger\": \"app.core.client\", \"level\": \"info\", \"timestamp\": \"2025-06-28T18:32:54.091086Z\"}", "taskName": "Task-3"}
{"asctime": "2025-06-28 18:32:58,918", "name": "app.core.client", "levelname": "INFO", "message": "{\"event\": \"Command 'list' (type: CHAT) queued for execution\", \"logger\": \"app.core.client\", \"level\": \"info\", \"timestamp\": \"2025-06-28T18:32:58.918210Z\"}", "taskName": "Task-60"}
{"asctime": "2025-06-28 18:32:58,918", "name": "app.core.client", "levelname": "INFO", "message": "{\"event\": \"Routing command 'list' to CHAT backend\", \"logger\": \"app.core.client\", \"level\": \"info\", \"timestamp\": \"2025-06-28T18:32:58.918497Z\"}", "taskName": "Task-61"}
{"asctime": "2025-06-28 18:32:58,920", "name": "app.core.client", "levelname": "INFO", "message": "{\"event\": \"Executing chat message: list\", \"logger\": \"app.core.client\", \"level\": \"info\", \"timestamp\": \"2025-06-28T18:32:58.918638Z\"}", "taskName": "Task-61"}
{"asctime": "2025-06-28 18:32:58,920", "name": "app.core.client", "levelname": "INFO", "message": "{\"event\": \"Starting direct communication for command: say list\", \"logger\": \"app.core.client\", \"level\": \"info\", \"timestamp\": \"2025-06-28T18:32:58.920631Z\"}", "taskName": "Task-61"}
{"asctime": "2025-06-28 18:32:58,941", "name": "app.core.client", "levelname": "INFO", "message": "{\"event\": \"Found server process: PID 435056\", \"logger\": \"app.core.client\", \"level\": \"info\", \"timestamp\": \"2025-06-28T18:32:58.941252Z\"}", "taskName": "Task-61"}
{"asctime": "2025-06-28 18:32:59,112", "name": "app.core.client", "levelname": "INFO", "message": "{\"event\": \"Found Minecraft server process: PID 435056\", \"logger\": \"app.core.client\", \"level\": \"info\", \"timestamp\": \"2025-06-28T18:32:59.112673Z\"}", "taskName": "Task-3"}
{"asctime": "2025-06-28 18:33:04,131", "name": "app.core.client", "levelname": "INFO", "message": "{\"event\": \"Found Minecraft server process: PID 435056\", \"logger\": \"app.core.client\", \"level\": \"info\", \"timestamp\": \"2025-06-28T18:33:04.131516Z\"}", "taskName": "Task-3"}
{"asctime": "2025-06-28 18:33:09,150", "name": "app.core.client", "levelname": "INFO", "message": "{\"event\": \"Found Minecraft server process: PID 435056\", \"logger\": \"app.core.client\", \"level\": \"info\", \"timestamp\": \"2025-06-28T18:33:09.149971Z\"}", "taskName": "Task-3"}
{"asctime": "2025-06-28 18:33:14,169", "name": "app.core.client", "levelname": "INFO", "message": "{\"event\": \"Found Minecraft server process: PID 435056\", \"logger\": \"app.core.client\", \"level\": \"info\", \"timestamp\": \"2025-06-28T18:33:14.168971Z\"}", "taskName": "Task-3"}
{"asctime": "2025-06-28 18:33:15,737", "name": "app.api.proxy", "levelname": "INFO", "message": "{\"extra\": {\"connection_id\": \"proxy-134308907990576\"}, \"event\": \"WebSocket\\u4ee3\\u7406\\u8fde\\u63a5\\u5df2\\u65ad\\u5f00: dashboard/ws\", \"logger\": \"app.api.proxy\", \"level\": \"info\", \"timestamp\": \"2025-06-28T18:33:15.737186Z\"}", "taskName": "Task-42"}
{"asctime": "2025-06-28 18:33:15,738", "name": "app.websocket.manager", "levelname": "INFO", "message": "{\"connection_id\": \"proxy-134308907990576\", \"connection_type\": \"dashboard\", \"event\": \"WebSocket connection removed\", \"logger\": \"app.websocket.manager\", \"level\": \"info\", \"timestamp\": \"2025-06-28T18:33:15.737809Z\"}", "taskName": "Task-42"}
INFO:     connection closed
{"asctime": "2025-06-28 18:33:15,753", "name": "app.api.proxy", "levelname": "INFO", "message": "{\"extra\": {\"connection_id\": \"proxy-134308907983136\"}, \"event\": \"WebSocket\\u4ee3\\u7406\\u8fde\\u63a5\\u5df2\\u65ad\\u5f00: console/ws\", \"logger\": \"app.api.proxy\", \"level\": \"info\", \"timestamp\": \"2025-06-28T18:33:15.753915Z\"}", "taskName": "Task-36"}
{"asctime": "2025-06-28 18:33:15,756", "name": "app.websocket.manager", "levelname": "INFO", "message": "{\"connection_id\": \"proxy-134308907983136\", \"connection_type\": \"console\", \"event\": \"WebSocket connection removed\", \"logger\": \"app.websocket.manager\", \"level\": \"info\", \"timestamp\": \"2025-06-28T18:33:15.755994Z\"}", "taskName": "Task-36"}
{"asctime": "2025-06-28 18:33:15,758", "name": "app.core.client", "levelname": "INFO", "message": "{\"event\": \"WebSocket manager unregistered from real-time logs\", \"logger\": \"app.core.client\", \"level\": \"info\", \"timestamp\": \"2025-06-28T18:33:15.756686Z\"}", "taskName": "Task-36"}
{"asctime": "2025-06-28 18:33:15,759", "name": "app.api.proxy", "levelname": "INFO", "message": "{\"event\": \"Unregistered WebSocket manager from real-time server logs\", \"logger\": \"app.api.proxy\", \"level\": \"info\", \"timestamp\": \"2025-06-28T18:33:15.758898Z\"}", "taskName": "Task-36"}
INFO:     connection closed
{"asctime": "2025-06-28 18:33:15,762", "name": "app.core.client", "levelname": "INFO", "message": "{\"event\": \"Log monitoring task cancelled\", \"logger\": \"app.core.client\", \"level\": \"info\", \"timestamp\": \"2025-06-28T18:33:15.761043Z\"}", "taskName": "Task-40"}
INFO:     ('5.34.218.160', 0) - "WebSocket /api/v1/ws-proxy/console/ws" [accepted]
{"asctime": "2025-06-28 18:33:24,578", "name": "app.api.proxy", "levelname": "INFO", "message": "{\"extra\": {\"connection_id\": \"proxy-134308908091776\"}, \"event\": \"WebSocket\\u4ee3\\u7406\\u8fde\\u63a5\\u5df2\\u5efa\\u7acb: console/ws\", \"logger\": \"app.api.proxy\", \"level\": \"info\", \"timestamp\": \"2025-06-28T18:33:24.578444Z\"}", "taskName": "Task-72"}
INFO:     connection open
{"asctime": "2025-06-28 18:33:24,580", "name": "app.core.client", "levelname": "INFO", "message": "{\"event\": \"WebSocket manager registered for real-time logs\", \"logger\": \"app.core.client\", \"level\": \"info\", \"timestamp\": \"2025-06-28T18:33:24.580096Z\"}", "taskName": "Task-72"}
{"asctime": "2025-06-28 18:33:24,580", "name": "app.api.proxy", "levelname": "INFO", "message": "{\"event\": \"Registered WebSocket manager for real-time server logs\", \"logger\": \"app.api.proxy\", \"level\": \"info\", \"timestamp\": \"2025-06-28T18:33:24.580553Z\"}", "taskName": "Task-72"}
{"asctime": "2025-06-28 18:33:24,581", "name": "app.core.client", "levelname": "INFO", "message": "{\"event\": \"Starting real-time log monitoring\", \"logger\": \"app.core.client\", \"level\": \"info\", \"timestamp\": \"2025-06-28T18:33:24.581295Z\"}", "taskName": "Task-76"}
INFO:     ('5.34.218.160', 0) - "WebSocket /api/v1/ws-proxy/dashboard/ws" [accepted]
{"asctime": "2025-06-28 18:33:24,666", "name": "app.api.proxy", "levelname": "INFO", "message": "{\"extra\": {\"connection_id\": \"proxy-134308908100752\"}, \"event\": \"WebSocket\\u4ee3\\u7406\\u8fde\\u63a5\\u5df2\\u5efa\\u7acb: dashboard/ws\", \"logger\": \"app.api.proxy\", \"level\": \"info\", \"timestamp\": \"2025-06-28T18:33:24.666387Z\"}", "taskName": "Task-78"}
INFO:     connection open
{"asctime": "2025-06-28 18:33:28,985", "name": "app.core.client", "levelname": "INFO", "message": "{\"event\": \"Found Minecraft server process: PID 435056\", \"logger\": \"app.core.client\", \"level\": \"info\", \"timestamp\": \"2025-06-28T18:33:28.979751Z\"}", "taskName": "Task-83"}
{"asctime": "2025-06-28 18:33:28,991", "name": "app.core.client", "levelname": "INFO", "message": "{\"event\": \"Command 'list' (type: CHAT) queued for execution\", \"logger\": \"app.core.client\", \"level\": \"info\", \"timestamp\": \"2025-06-28T18:33:28.990956Z\"}", "taskName": "Task-84"}
{"asctime": "2025-06-28 18:33:28,991", "name": "app.core.client", "levelname": "INFO", "message": "{\"event\": \"Routing command 'list' to CHAT backend\", \"logger\": \"app.core.client\", \"level\": \"info\", \"timestamp\": \"2025-06-28T18:33:28.991172Z\"}", "taskName": "Task-85"}
{"asctime": "2025-06-28 18:33:28,991", "name": "app.core.client", "levelname": "INFO", "message": "{\"event\": \"Executing chat message: list\", \"logger\": \"app.core.client\", \"level\": \"info\", \"timestamp\": \"2025-06-28T18:33:28.991624Z\"}", "taskName": "Task-85"}
{"asctime": "2025-06-28 18:33:28,991", "name": "app.core.client", "levelname": "INFO", "message": "{\"event\": \"Starting direct communication for command: say list\", \"logger\": \"app.core.client\", \"level\": \"info\", \"timestamp\": \"2025-06-28T18:33:28.991803Z\"}", "taskName": "Task-85"}
{"asctime": "2025-06-28 18:33:29,007", "name": "app.core.client", "levelname": "INFO", "message": "{\"event\": \"Found server process: PID 435056\", \"logger\": \"app.core.client\", \"level\": \"info\", \"timestamp\": \"2025-06-28T18:33:29.007804Z\"}", "taskName": "Task-85"}
{"asctime": "2025-06-28 18:33:34,237", "name": "app.core.client", "levelname": "INFO", "message": "{\"event\": \"Found Minecraft server process: PID 435056\", \"logger\": \"app.core.client\", \"level\": \"info\", \"timestamp\": \"2025-06-28T18:33:34.237033Z\"}", "taskName": "Task-3"}
{"asctime": "2025-06-28 18:33:39,266", "name": "app.core.client", "levelname": "INFO", "message": "{\"event\": \"Found Minecraft server process: PID 435056\", \"logger\": \"app.core.client\", \"level\": \"info\", \"timestamp\": \"2025-06-28T18:33:39.266407Z\"}", "taskName": "Task-3"}
{"asctime": "2025-06-28 18:33:44,292", "name": "app.core.client", "levelname": "INFO", "message": "{\"event\": \"Found Minecraft server process: PID 435056\", \"logger\": \"app.core.client\", \"level\": \"info\", \"timestamp\": \"2025-06-28T18:33:44.291988Z\"}", "taskName": "Task-3"}
{"asctime": "2025-06-28 18:33:49,319", "name": "app.core.client", "levelname": "INFO", "message": "{\"event\": \"Found Minecraft server process: PID 435056\", \"logger\": \"app.core.client\", \"level\": \"info\", \"timestamp\": \"2025-06-28T18:33:49.319440Z\"}", "taskName": "Task-3"}
{"asctime": "2025-06-28 18:33:54,351", "name": "app.core.client", "levelname": "INFO", "message": "{\"event\": \"Found Minecraft server process: PID 435056\", \"logger\": \"app.core.client\", \"level\": \"info\", \"timestamp\": \"2025-06-28T18:33:54.351816Z\"}", "taskName": "Task-3"}
{"asctime": "2025-06-28 18:33:59,045", "name": "app.core.client", "levelname": "INFO", "message": "{\"event\": \"Command 'list' (type: CHAT) queued for execution\", \"logger\": \"app.core.client\", \"level\": \"info\", \"timestamp\": \"2025-06-28T18:33:59.044955Z\"}", "taskName": "Task-97"}
{"asctime": "2025-06-28 18:33:59,045", "name": "app.core.client", "levelname": "INFO", "message": "{\"event\": \"Routing command 'list' to CHAT backend\", \"logger\": \"app.core.client\", \"level\": \"info\", \"timestamp\": \"2025-06-28T18:33:59.045297Z\"}", "taskName": "Task-98"}
{"asctime": "2025-06-28 18:33:59,045", "name": "app.core.client", "levelname": "INFO", "message": "{\"event\": \"Executing chat message: list\", \"logger\": \"app.core.client\", \"level\": \"info\", \"timestamp\": \"2025-06-28T18:33:59.045458Z\"}", "taskName": "Task-98"}
{"asctime": "2025-06-28 18:33:59,045", "name": "app.core.client", "levelname": "INFO", "message": "{\"event\": \"Starting direct communication for command: say list\", \"logger\": \"app.core.client\", \"level\": \"info\", \"timestamp\": \"2025-06-28T18:33:59.045597Z\"}", "taskName": "Task-98"}
{"asctime": "2025-06-28 18:33:59,066", "name": "app.core.client", "levelname": "INFO", "message": "{\"event\": \"Found server process: PID 435056\", \"logger\": \"app.core.client\", \"level\": \"info\", \"timestamp\": \"2025-06-28T18:33:59.066884Z\"}", "taskName": "Task-98"}
{"asctime": "2025-06-28 18:33:59,388", "name": "app.core.client", "levelname": "INFO", "message": "{\"event\": \"Found Minecraft server process: PID 435056\", \"logger\": \"app.core.client\", \"level\": \"info\", \"timestamp\": \"2025-06-28T18:33:59.388461Z\"}", "taskName": "Task-3"}
{"asctime": "2025-06-28 18:34:29,153", "name": "app.core.client", "levelname": "INFO", "message": "{\"event\": \"Command 'list' (type: CHAT) queued for execution\", \"logger\": \"app.core.client\", \"level\": \"info\", \"timestamp\": \"2025-06-28T18:34:29.153280Z\"}", "taskName": "Task-110"}
{"asctime": "2025-06-28 18:34:29,156", "name": "app.core.client", "levelname": "INFO", "message": "{\"event\": \"Routing command 'list' to CHAT backend\", \"logger\": \"app.core.client\", \"level\": \"info\", \"timestamp\": \"2025-06-28T18:34:29.154846Z\"}", "taskName": "Task-111"}
{"asctime": "2025-06-28 18:34:29,159", "name": "app.core.client", "levelname": "INFO", "message": "{\"event\": \"Executing chat message: list\", \"logger\": \"app.core.client\", \"level\": \"info\", \"timestamp\": \"2025-06-28T18:34:29.159018Z\"}", "taskName": "Task-111"}
{"asctime": "2025-06-28 18:34:29,159", "name": "app.core.client", "levelname": "INFO", "message": "{\"event\": \"Starting direct communication for command: say list\", \"logger\": \"app.core.client\", \"level\": \"info\", \"timestamp\": \"2025-06-28T18:34:29.159189Z\"}", "taskName": "Task-111"}
{"asctime": "2025-06-28 18:34:29,171", "name": "app.core.client", "levelname": "WARNING", "message": "{\"event\": \"Stdin injection failed: \\u672a\\u627e\\u5230Minecraft\\u670d\\u52a1\\u5668\\u8fdb\\u7a0b\", \"logger\": \"app.core.client\", \"level\": \"warning\", \"timestamp\": \"2025-06-28T18:34:29.171765Z\"}", "taskName": "Task-111"}
{"asctime": "2025-06-28 18:34:29,283", "name": "app.core.client", "levelname": "WARNING", "message": "{\"event\": \"RCON execution failed: [Errno 111] Connection refused\", \"logger\": \"app.core.client\", \"level\": \"warning\", \"timestamp\": \"2025-06-28T18:34:29.282901Z\"}", "taskName": "Task-111"}
{"asctime": "2025-06-28 18:34:29,283", "name": "app.core.client", "levelname": "WARNING", "message": "{\"event\": \"RCON execution failed: RCON \\u6267\\u884c\\u5931\\u8d25: [Errno 111] Connection refused\", \"logger\": \"app.core.client\", \"level\": \"warning\", \"timestamp\": \"2025-06-28T18:34:29.283475Z\"}", "taskName": "Task-111"}
{"asctime": "2025-06-28 18:34:59,261", "name": "app.core.client", "levelname": "INFO", "message": "{\"event\": \"Command 'list' (type: CHAT) queued for execution\", \"logger\": \"app.core.client\", \"level\": \"info\", \"timestamp\": \"2025-06-28T18:34:59.261331Z\"}", "taskName": "Task-120"}
{"asctime": "2025-06-28 18:34:59,261", "name": "app.core.client", "levelname": "INFO", "message": "{\"event\": \"Routing command 'list' to CHAT backend\", \"logger\": \"app.core.client\", \"level\": \"info\", \"timestamp\": \"2025-06-28T18:34:59.261672Z\"}", "taskName": "Task-121"}
{"asctime": "2025-06-28 18:34:59,261", "name": "app.core.client", "levelname": "INFO", "message": "{\"event\": \"Executing chat message: list\", \"logger\": \"app.core.client\", \"level\": \"info\", \"timestamp\": \"2025-06-28T18:34:59.261846Z\"}", "taskName": "Task-121"}
{"asctime": "2025-06-28 18:34:59,262", "name": "app.core.client", "levelname": "INFO", "message": "{\"event\": \"Starting direct communication for command: say list\", \"logger\": \"app.core.client\", \"level\": \"info\", \"timestamp\": \"2025-06-28T18:34:59.262032Z\"}", "taskName": "Task-121"}
{"asctime": "2025-06-28 18:34:59,267", "name": "app.core.client", "levelname": "WARNING", "message": "{\"event\": \"Stdin injection failed: \\u672a\\u627e\\u5230Minecraft\\u670d\\u52a1\\u5668\\u8fdb\\u7a0b\", \"logger\": \"app.core.client\", \"level\": \"warning\", \"timestamp\": \"2025-06-28T18:34:59.266980Z\"}", "taskName": "Task-121"}
{"asctime": "2025-06-28 18:34:59,267", "name": "app.core.client", "levelname": "WARNING", "message": "{\"event\": \"RCON execution failed: [Errno 111] Connection refused\", \"logger\": \"app.core.client\", \"level\": \"warning\", \"timestamp\": \"2025-06-28T18:34:59.267416Z\"}", "taskName": "Task-121"}
{"asctime": "2025-06-28 18:34:59,267", "name": "app.core.client", "levelname": "WARNING", "message": "{\"event\": \"RCON execution failed: RCON \\u6267\\u884c\\u5931\\u8d25: [Errno 111] Connection refused\", \"logger\": \"app.core.client\", \"level\": \"warning\", \"timestamp\": \"2025-06-28T18:34:59.267618Z\"}", "taskName": "Task-121"}
{"asctime": "2025-06-28 18:35:07,835", "name": "app.api.proxy", "levelname": "INFO", "message": "{\"extra\": {\"connection_id\": \"proxy-134308908091776\"}, \"event\": \"WebSocket\\u4ee3\\u7406\\u8fde\\u63a5\\u5df2\\u65ad\\u5f00: console/ws\", \"logger\": \"app.api.proxy\", \"level\": \"info\", \"timestamp\": \"2025-06-28T18:35:07.835521Z\"}", "taskName": "Task-72"}
{"asctime": "2025-06-28 18:35:07,838", "name": "app.websocket.manager", "levelname": "INFO", "message": "{\"connection_id\": \"proxy-134308908091776\", \"connection_type\": \"console\", \"event\": \"WebSocket connection removed\", \"logger\": \"app.websocket.manager\", \"level\": \"info\", \"timestamp\": \"2025-06-28T18:35:07.838101Z\"}", "taskName": "Task-72"}
{"asctime": "2025-06-28 18:35:07,838", "name": "app.core.client", "levelname": "INFO", "message": "{\"event\": \"WebSocket manager unregistered from real-time logs\", \"logger\": \"app.core.client\", \"level\": \"info\", \"timestamp\": \"2025-06-28T18:35:07.838525Z\"}", "taskName": "Task-72"}
{"asctime": "2025-06-28 18:35:07,839", "name": "app.api.proxy", "levelname": "INFO", "message": "{\"event\": \"Unregistered WebSocket manager from real-time server logs\", \"logger\": \"app.api.proxy\", \"level\": \"info\", \"timestamp\": \"2025-06-28T18:35:07.839557Z\"}", "taskName": "Task-72"}
INFO:     connection closed
{"asctime": "2025-06-28 18:35:07,840", "name": "app.core.client", "levelname": "INFO", "message": "{\"event\": \"Log monitoring task cancelled\", \"logger\": \"app.core.client\", \"level\": \"info\", \"timestamp\": \"2025-06-28T18:35:07.840121Z\"}", "taskName": "Task-76"}
{"asctime": "2025-06-28 18:35:07,848", "name": "app.api.proxy", "levelname": "INFO", "message": "{\"extra\": {\"connection_id\": \"proxy-134308908100752\"}, \"event\": \"WebSocket\\u4ee3\\u7406\\u8fde\\u63a5\\u5df2\\u65ad\\u5f00: dashboard/ws\", \"logger\": \"app.api.proxy\", \"level\": \"info\", \"timestamp\": \"2025-06-28T18:35:07.848011Z\"}", "taskName": "Task-78"}
{"asctime": "2025-06-28 18:35:07,849", "name": "app.websocket.manager", "levelname": "INFO", "message": "{\"connection_id\": \"proxy-134308908100752\", \"connection_type\": \"dashboard\", \"event\": \"WebSocket connection removed\", \"logger\": \"app.websocket.manager\", \"level\": \"info\", \"timestamp\": \"2025-06-28T18:35:07.849607Z\"}", "taskName": "Task-78"}
INFO:     connection closed
INFO:     ('5.34.218.160', 0) - "WebSocket /api/v1/ws-proxy/console/ws" [accepted]
{"asctime": "2025-06-28 18:35:15,756", "name": "app.api.proxy", "levelname": "INFO", "message": "{\"extra\": {\"connection_id\": \"proxy-134308907810592\"}, \"event\": \"WebSocket\\u4ee3\\u7406\\u8fde\\u63a5\\u5df2\\u5efa\\u7acb: console/ws\", \"logger\": \"app.api.proxy\", \"level\": \"info\", \"timestamp\": \"2025-06-28T18:35:15.756473Z\"}", "taskName": "Task-126"}
INFO:     connection open
{"asctime": "2025-06-28 18:35:15,759", "name": "app.core.client", "levelname": "INFO", "message": "{\"event\": \"WebSocket manager registered for real-time logs\", \"logger\": \"app.core.client\", \"level\": \"info\", \"timestamp\": \"2025-06-28T18:35:15.759171Z\"}", "taskName": "Task-126"}
{"asctime": "2025-06-28 18:35:15,760", "name": "app.api.proxy", "levelname": "INFO", "message": "{\"event\": \"Registered WebSocket manager for real-time server logs\", \"logger\": \"app.api.proxy\", \"level\": \"info\", \"timestamp\": \"2025-06-28T18:35:15.760445Z\"}", "taskName": "Task-126"}
{"asctime": "2025-06-28 18:35:15,763", "name": "app.core.client", "levelname": "INFO", "message": "{\"event\": \"Starting real-time log monitoring\", \"logger\": \"app.core.client\", \"level\": \"info\", \"timestamp\": \"2025-06-28T18:35:15.763010Z\"}", "taskName": "Task-130"}
INFO:     ('5.34.218.160', 0) - "WebSocket /api/v1/ws-proxy/dashboard/ws" [accepted]
{"asctime": "2025-06-28 18:35:16,561", "name": "app.api.proxy", "levelname": "INFO", "message": "{\"extra\": {\"connection_id\": \"proxy-134308908196656\"}, \"event\": \"WebSocket\\u4ee3\\u7406\\u8fde\\u63a5\\u5df2\\u5efa\\u7acb: dashboard/ws\", \"logger\": \"app.api.proxy\", \"level\": \"info\", \"timestamp\": \"2025-06-28T18:35:16.561711Z\"}", "taskName": "Task-132"}
INFO:     connection open
{"asctime": "2025-06-28 18:35:29,268", "name": "app.core.client", "levelname": "INFO", "message": "{\"event\": \"Command 'list' (type: CHAT) queued for execution\", \"logger\": \"app.core.client\", \"level\": \"info\", \"timestamp\": \"2025-06-28T18:35:29.267944Z\"}", "taskName": "Task-139"}
{"asctime": "2025-06-28 18:35:29,268", "name": "app.core.client", "levelname": "INFO", "message": "{\"event\": \"Routing command 'list' to CHAT backend\", \"logger\": \"app.core.client\", \"level\": \"info\", \"timestamp\": \"2025-06-28T18:35:29.268229Z\"}", "taskName": "Task-140"}
{"asctime": "2025-06-28 18:35:29,268", "name": "app.core.client", "levelname": "INFO", "message": "{\"event\": \"Executing chat message: list\", \"logger\": \"app.core.client\", \"level\": \"info\", \"timestamp\": \"2025-06-28T18:35:29.268359Z\"}", "taskName": "Task-140"}
{"asctime": "2025-06-28 18:35:29,268", "name": "app.core.client", "levelname": "INFO", "message": "{\"event\": \"Starting direct communication for command: say list\", \"logger\": \"app.core.client\", \"level\": \"info\", \"timestamp\": \"2025-06-28T18:35:29.268484Z\"}", "taskName": "Task-140"}
{"asctime": "2025-06-28 18:35:29,274", "name": "app.core.client", "levelname": "WARNING", "message": "{\"event\": \"Stdin injection failed: \\u672a\\u627e\\u5230Minecraft\\u670d\\u52a1\\u5668\\u8fdb\\u7a0b\", \"logger\": \"app.core.client\", \"level\": \"warning\", \"timestamp\": \"2025-06-28T18:35:29.273981Z\"}", "taskName": "Task-140"}
{"asctime": "2025-06-28 18:35:29,274", "name": "app.core.client", "levelname": "WARNING", "message": "{\"event\": \"RCON execution failed: [Errno 111] Connection refused\", \"logger\": \"app.core.client\", \"level\": \"warning\", \"timestamp\": \"2025-06-28T18:35:29.274602Z\"}", "taskName": "Task-140"}
{"asctime": "2025-06-28 18:35:29,275", "name": "app.core.client", "levelname": "WARNING", "message": "{\"event\": \"RCON execution failed: RCON \\u6267\\u884c\\u5931\\u8d25: [Errno 111] Connection refused\", \"logger\": \"app.core.client\", \"level\": \"warning\", \"timestamp\": \"2025-06-28T18:35:29.275007Z\"}", "taskName": "Task-140"}
INFO:     Shutting down
{"asctime": "2025-06-28 18:35:56,402", "name": "app.api.proxy", "levelname": "INFO", "message": "{\"extra\": {\"connection_id\": \"proxy-134308907810592\"}, \"event\": \"WebSocket\\u4ee3\\u7406\\u8fde\\u63a5\\u5df2\\u65ad\\u5f00: console/ws\", \"logger\": \"app.api.proxy\", \"level\": \"info\", \"timestamp\": \"2025-06-28T18:35:56.402317Z\"}", "taskName": "Task-126"}
{"asctime": "2025-06-28 18:35:56,404", "name": "app.websocket.manager", "levelname": "INFO", "message": "{\"connection_id\": \"proxy-134308907810592\", \"connection_type\": \"console\", \"event\": \"WebSocket connection removed\", \"logger\": \"app.websocket.manager\", \"level\": \"info\", \"timestamp\": \"2025-06-28T18:35:56.404923Z\"}", "taskName": "Task-126"}
{"asctime": "2025-06-28 18:35:56,405", "name": "app.core.client", "levelname": "INFO", "message": "{\"event\": \"WebSocket manager unregistered from real-time logs\", \"logger\": \"app.core.client\", \"level\": \"info\", \"timestamp\": \"2025-06-28T18:35:56.405093Z\"}", "taskName": "Task-126"}
{"asctime": "2025-06-28 18:35:56,405", "name": "app.api.proxy", "levelname": "INFO", "message": "{\"event\": \"Unregistered WebSocket manager from real-time server logs\", \"logger\": \"app.api.proxy\", \"level\": \"info\", \"timestamp\": \"2025-06-28T18:35:56.405225Z\"}", "taskName": "Task-126"}
{"asctime": "2025-06-28 18:35:56,405", "name": "app.api.proxy", "levelname": "INFO", "message": "{\"extra\": {\"connection_id\": \"proxy-134308908196656\"}, \"event\": \"WebSocket\\u4ee3\\u7406\\u8fde\\u63a5\\u5df2\\u65ad\\u5f00: dashboard/ws\", \"logger\": \"app.api.proxy\", \"level\": \"info\", \"timestamp\": \"2025-06-28T18:35:56.405396Z\"}", "taskName": "Task-132"}
{"asctime": "2025-06-28 18:35:56,405", "name": "app.websocket.manager", "levelname": "INFO", "message": "{\"connection_id\": \"proxy-134308908196656\", \"connection_type\": \"dashboard\", \"event\": \"WebSocket connection removed\", \"logger\": \"app.websocket.manager\", \"level\": \"info\", \"timestamp\": \"2025-06-28T18:35:56.405528Z\"}", "taskName": "Task-132"}
INFO:     connection closed
INFO:     connection closed
{"asctime": "2025-06-28 18:35:56,408", "name": "app.core.client", "levelname": "INFO", "message": "{\"event\": \"Log monitoring task cancelled\", \"logger\": \"app.core.client\", \"level\": \"info\", \"timestamp\": \"2025-06-28T18:35:56.405837Z\"}", "taskName": "Task-130"}
INFO:     Waiting for application shutdown.
{"asctime": "2025-06-28 18:35:56,503", "name": "app.services.realtime_service", "levelname": "INFO", "message": "{\"event\": \"Stopping RealtimeService\", \"logger\": \"app.services.realtime_service\", \"level\": \"info\", \"timestamp\": \"2025-06-28T18:35:56.503417Z\"}", "taskName": "Task-2"}
{"asctime": "2025-06-28 18:35:56,503", "name": "app.services.realtime_service", "levelname": "INFO", "message": "{\"event\": \"RealtimeService stopped\", \"logger\": \"app.services.realtime_service\", \"level\": \"info\", \"timestamp\": \"2025-06-28T18:35:56.503916Z\"}", "taskName": "Task-2"}
{"asctime": "2025-06-28 18:35:56,504", "name": "app.core.client", "levelname": "INFO", "message": "{\"event\": \"Core client cleaned up\", \"logger\": \"app.core.client\", \"level\": \"info\", \"timestamp\": \"2025-06-28T18:35:56.504282Z\"}", "taskName": "Task-2"}
{"asctime": "2025-06-28 18:35:56,504", "name": "app.websocket.manager", "levelname": "INFO", "message": "{\"event\": \"Starting WebSocket manager cleanup\", \"logger\": \"app.websocket.manager\", \"level\": \"info\", \"timestamp\": \"2025-06-28T18:35:56.504537Z\"}", "taskName": "Task-2"}
{"asctime": "2025-06-28 18:35:56,504", "name": "app.websocket.manager", "levelname": "INFO", "message": "{\"event\": \"WebSocket manager cleanup completed\", \"logger\": \"app.websocket.manager\", \"level\": \"info\", \"timestamp\": \"2025-06-28T18:35:56.504932Z\"}", "taskName": "Task-2"}
INFO:     Application shutdown complete.
INFO:     Finished server process [439481]
INFO:     Stopping reloader process [439478]
