[11:23:04] [ServerMain/INFO]: Environment: authHost='https://authserver.mojang.com', accountsHost='https://api.mojang.com', sessionHost='https://sessionserver.mojang.com', servicesHost='https://api.minecraftservices.com', name='PROD'
[11:23:06] [ServerMain/INFO]: Loaded 7 recipes
[11:23:06] [ServerMain/INFO]: Loaded 1271 advancements
[11:23:07] [Server thread/INFO]: Starting minecraft server version 1.20.1
[11:23:07] [Server thread/INFO]: Loading properties
[11:23:07] [Server thread/INFO]: Default game type: SURVIVAL
[11:23:07] [Server thread/INFO]: Generating keypair
[11:23:07] [Server thread/INFO]: Starting Minecraft server on 0.0.0.0:25565
[11:23:07] [Server thread/INFO]: Using epoll channel type
[11:23:07] [Server thread/INFO]: Preparing level "world"
[11:23:13] [Server thread/INFO]: Preparing start region for dimension minecraft:overworld
[11:23:18] [Worker-Main-1/INFO]: Preparing spawn area: 0%
[11:23:18] [Worker-Main-1/INFO]: Preparing spawn area: 0%
[11:23:18] [Worker-Main-1/INFO]: Preparing spawn area: 0%
[11:23:18] [Worker-Main-1/INFO]: Preparing spawn area: 0%
[11:23:18] [Worker-Main-1/INFO]: Preparing spawn area: 0%
[11:23:18] [Worker-Main-1/INFO]: Preparing spawn area: 0%
[11:23:18] [Worker-Main-1/INFO]: Preparing spawn area: 0%
[11:23:18] [Worker-Main-1/INFO]: Preparing spawn area: 0%
[11:23:18] [Worker-Main-1/INFO]: Preparing spawn area: 0%
[11:23:18] [Worker-Main-1/INFO]: Preparing spawn area: 0%
[11:23:18] [Worker-Main-1/INFO]: Preparing spawn area: 0%
[11:23:19] [Worker-Main-1/INFO]: Preparing spawn area: 0%
[11:23:19] [Worker-Main-1/INFO]: Preparing spawn area: 0%
[11:23:20] [Worker-Main-1/INFO]: Preparing spawn area: 0%
[11:23:20] [Worker-Main-1/INFO]: Preparing spawn area: 0%
[11:23:21] [Server thread/INFO]: Time elapsed: 7344 ms
[11:23:21] [Server thread/INFO]: Done (13.377s)! For help, type "help"
[11:23:21] [Server thread/INFO]: Starting remote control listener
[11:23:21] [Server thread/INFO]: Thread RCON Listener started
[11:23:21] [Server thread/INFO]: RCON running on 0.0.0.0:25575
